{"numTotalTestSuites":50,"numPassedTestSuites":30,"numFailedTestSuites":20,"numPendingTestSuites":0,"numTotalTests":151,"numPassedTests":124,"numFailedTests":27,"numPendingTests":0,"numTodoTests":0,"snapshot":{"added":0,"failure":false,"filesAdded":0,"filesRemoved":0,"filesRemovedList":[],"filesUnmatched":0,"filesUpdated":0,"matched":0,"total":0,"unchecked":0,"uncheckedKeysByFile":[],"unmatched":0,"updated":0,"didUpdate":false},"startTime":1789284265934,"success":false,"testResults":[{"assertionResults":[{"ancestorTitles":["concurrent Strip ordering"],"fullName":"concurrent Strip ordering orders root siblings by descending point","status":"passed","title":"orders root siblings by descending point","duration":99.18750000000011,"failureMessages":[],"location":{"line":30,"column":3},"meta":{},"tags":[],"benchmarks":[]},{"ancestorTitles":["concurrent Strip ordering"],"fullName":"concurrent Strip ordering orders forward siblings by descending point","status":"passed","title":"orders forward siblings by descending point","duration":33.23289999999997,"failureMessages":[],"location":{"line":54,"column":3},"meta":{},"tags":[],"benchmarks":[]},{"ancestorTitles":["hostile Delta staging"],"fullName":"hostile Delta staging accepts a child retransmitted after its predecessor","status":"passed","title":"accepts a child retransmitted after its predecessor","duration":1.1124999999999545,"failureMessages":[],"location":{"line":79,"column":3},"meta":{},"tags":[],"benchmarks":[]},{"ancestorTitles":["hostile Delta staging"],"fullName":"hostile Delta staging converges after hostile delivery, restart, and causal retransmission","status":"failed","title":"converges after hostile delivery, restart, and causal retransmission","duration":58.95399999999995,"failureMessages":["AssertionError: expected [ 'right-initial', 'base-0', …(4) ] to deeply equal [ 'right-initial', 'base-0', …(3) ]\n    at expect_converged (C:/Users/jorts/sequencer/test/.helpers/replica.ts:99:37)\n    at C:/Users/jorts/sequencer/test/convergence/convergence.test.ts:140:7\n    at processTicksAndRejections (node:internal/process/task_queues:104:5)\n    at file:///C:/Users/jorts/sequencer/node_modules/vitest/dist/chunks/run.CQOUYP-x.js:2783:20"],"location":{"line":95,"column":3},"meta":{},"tags":[],"benchmarks":[]},{"ancestorTitles":["hostile Delta staging"],"fullName":"hostile Delta staging converges for a concurrent Mask and sibling insertion","status":"passed","title":"converges for a concurrent Mask and sibling insertion","duration":33.922199999999975,"failureMessages":[],"location":{"line":144,"column":3},"meta":{},"tags":[],"benchmarks":[]},{"ancestorTitles":["restart and collection continuity"],"fullName":"restart and collection continuity converges after Snapshot recovery and stale Delta redelivery","status":"failed","title":"converges after Snapshot recovery and stale Delta redelivery","duration":11.979700000000093,"failureMessages":["AssertionError: expected [ 'a', 'b', 'first', 'c', 'later' ] to deeply equal [ 'b', 'first', 'c', 'later' ]\n    at expect_converged (C:/Users/jorts/sequencer/test/.helpers/replica.ts:99:37)\n    at C:/Users/jorts/sequencer/test/convergence/convergence.test.ts:182:5\n    at file:///C:/Users/jorts/sequencer/node_modules/vitest/dist/chunks/run.CQOUYP-x.js:1628:35\n    at file:///C:/Users/jorts/sequencer/node_modules/vitest/dist/chunks/run.CQOUYP-x.js:2783:26\n    at file:///C:/Users/jorts/sequencer/node_modules/vitest/dist/chunks/run.CQOUYP-x.js:3319:20\n    at new Promise (<anonymous>)\n    at runWithCancel (file:///C:/Users/jorts/sequencer/node_modules/vitest/dist/chunks/run.CQOUYP-x.js:3314:10)\n    at file:///C:/Users/jorts/sequencer/node_modules/vitest/dist/chunks/run.CQOUYP-x.js:3299:20\n    at new Promise (<anonymous>)\n    at runWithTimeout (file:///C:/Users/jorts/sequencer/node_modules/vitest/dist/chunks/run.CQOUYP-x.js:3257:10)"],"location":{"line":165,"column":3},"meta":{},"tags":[],"benchmarks":[]},{"ancestorTitles":["restart and collection continuity"],"fullName":"restart and collection continuity continues converging after acknowledged Masks are collected","status":"passed","title":"continues converging after acknowledged Masks are collected","duration":5.34030000000007,"failureMessages":[],"location":{"line":185,"column":3},"meta":{},"tags":[],"benchmarks":[]}],"startTime":1789284272354,"endTime":1789284272600.3403,"status":"failed","message":"","name":"C:/Users/jorts/sequencer/test/convergence/convergence.test.ts"},{"assertionResults":[{"ancestorTitles":["generative convergence stress"],"fullName":"generative convergence stress converges or reports a bounded replayable native hang","status":"failed","title":"converges or reports a bounded replayable native hang","duration":201.44089999999994,"failureMessages":["Error: Property failed after 1 tests\n{ seed: 98626254, path: \"0\", endOnFailure: true }\nCounterexample: [{\"replica_count\":2,\"base_frame_count\":4,\"operations\":[{__proto__:null,\"replica_selector\":1837749800,\"kind\":\"replace\",\"index_selector\":20512115,\"frame_count\":1,\"hard\":true},{\"replica_selector\":84939766,\"kind\":\"remove\",\"index_selector\":593835304,\"frame_count\":1,\"hard\":true},{__proto__:null,\"replica_selector\":1502952196,\"kind\":\"insert\",\"index_selector\":581851769,\"frame_count\":4,\"hard\":false},{\"replica_selector\":2018273124,\"kind\":\"remove\",\"index_selector\":1606676183,\"frame_count\":2,\"hard\":true},{__proto__:null,\"replica_selector\":862535186,\"kind\":\"replace\",\"index_selector\":843336209,\"frame_count\":1,\"hard\":false},{__proto__:null,\"replica_selector\":664514791,\"kind\":\"remove\",\"index_selector\":350362757,\"frame_count\":1,\"hard\":false},{__proto__:null,\"replica_selector\":733365595,\"kind\":\"insert\",\"index_selector\":1018420870,\"frame_count\":2,\"hard\":true},{\"replica_selector\":731636726,\"kind\":\"replace\",\"index_selector\":697838528,\"frame_count\":4,\"hard\":false},{__proto__:null,\"replica_selector\":2114354288,\"kind\":\"remove\",\"index_selector\":2083558510,\"frame_count\":2,\"hard\":false},{__proto__:null,\"replica_selector\":2110416685,\"kind\":\"remove\",\"index_selector\":1779179480,\"frame_count\":1,\"hard\":true},{\"replica_selector\":735715695,\"kind\":\"insert\",\"index_selector\":1304623410,\"frame_count\":3,\"hard\":true},{__proto__:null,\"replica_selector\":1221073765,\"kind\":\"remove\",\"index_selector\":1789561668,\"frame_count\":2,\"hard\":true},{\"replica_selector\":671512747,\"kind\":\"replace\",\"index_selector\":1538922652,\"frame_count\":4,\"hard\":false},{\"replica_selector\":922363176,\"kind\":\"insert\",\"index_selector\":1584411673,\"frame_count\":1,\"hard\":true},{\"replica_selector\":450361033,\"kind\":\"replace\",\"index_selector\":746367878,\"frame_count\":4,\"hard\":false},{__proto__:null,\"replica_selector\":1117311602,\"kind\":\"insert\",\"index_selector\":1489751270,\"frame_count\":3,\"hard\":false}],\"delivery_keys\":[1943629754,-1109519259,-1459401376,-1102002202,1796830892,760572871,-521130887,-1021176187,-1781931236,179755934,1993330859,-187207462]}]\nShrunk 0 time(s)\n\nExecution summary:\n\u001b[31m×\u001b[0m [{\"replica_count\":2,\"base_frame_count\":4,\"operations\":[{__proto__:null,\"replica_selector\":1837749800,\"kind\":\"replace\",\"index_selector\":20512115,\"frame_count\":1,\"hard\":true},{\"replica_selector\":84939766,\"kind\":\"remove\",\"index_selector\":593835304,\"frame_count\":1,\"hard\":true},{__proto__:null,\"replica_selector\":1502952196,\"kind\":\"insert\",\"index_selector\":581851769,\"frame_count\":4,\"hard\":false},{\"replica_selector\":2018273124,\"kind\":\"remove\",\"index_selector\":1606676183,\"frame_count\":2,\"hard\":true},{__proto__:null,\"replica_selector\":862535186,\"kind\":\"replace\",\"index_selector\":843336209,\"frame_count\":1,\"hard\":false},{__proto__:null,\"replica_selector\":664514791,\"kind\":\"remove\",\"index_selector\":350362757,\"frame_count\":1,\"hard\":false},{__proto__:null,\"replica_selector\":733365595,\"kind\":\"insert\",\"index_selector\":1018420870,\"frame_count\":2,\"hard\":true},{\"replica_selector\":731636726,\"kind\":\"replace\",\"index_selector\":697838528,\"frame_count\":4,\"hard\":false},{__proto__:null,\"replica_selector\":2114354288,\"kind\":\"remove\",\"index_selector\":2083558510,\"frame_count\":2,\"hard\":false},{__proto__:null,\"replica_selector\":2110416685,\"kind\":\"remove\",\"index_selector\":1779179480,\"frame_count\":1,\"hard\":true},{\"replica_selector\":735715695,\"kind\":\"insert\",\"index_selector\":1304623410,\"frame_count\":3,\"hard\":true},{__proto__:null,\"replica_selector\":1221073765,\"kind\":\"remove\",\"index_selector\":1789561668,\"frame_count\":2,\"hard\":true},{\"replica_selector\":671512747,\"kind\":\"replace\",\"index_selector\":1538922652,\"frame_count\":4,\"hard\":false},{\"replica_selector\":922363176,\"kind\":\"insert\",\"index_selector\":1584411673,\"frame_count\":1,\"hard\":true},{\"replica_selector\":450361033,\"kind\":\"replace\",\"index_selector\":746367878,\"frame_count\":4,\"hard\":false},{__proto__:null,\"replica_selector\":1117311602,\"kind\":\"insert\",\"index_selector\":1489751270,\"frame_count\":3,\"hard\":false}],\"delivery_keys\":[1943629754,-1109519259,-1459401376,-1102002202,1796830892,760572871,-521130887,-1021176187,-1781931236,179755934,1993330859,-187207462]}]\n    at buildError (file:///C:/Users/jorts/sequencer/node_modules/fast-check/lib/fast-check.js:2462:16)\n    at asyncThrowIfFailed (file:///C:/Users/jorts/sequencer/node_modules/fast-check/lib/fast-check.js:2474:8)"],"location":{"line":115,"column":3},"meta":{},"tags":[],"benchmarks":[]}],"startTime":1789284270960,"endTime":1789284271161.441,"status":"failed","message":"","name":"C:/Users/jorts/sequencer/test/stress/convergence.stress.test.ts"},{"assertionResults":[{"ancestorTitles":["acknowledgement transfer"],"fullName":"acknowledgement transfer returns false when no Mask Realm verifies","status":"passed","title":"returns false when no Mask Realm verifies","duration":13.543800000000033,"failureMessages":[],"location":{"line":29,"column":3},"meta":{},"tags":[],"benchmarks":[]},{"ancestorTitles":["acknowledgement transfer"],"fullName":"acknowledgement transfer copies flat unsigned triples without mutating the Replica","status":"passed","title":"copies flat unsigned triples without mutating the Replica","duration":2.6748000000000047,"failureMessages":[],"location":{"line":39,"column":3},"meta":{},"tags":[],"benchmarks":[]},{"ancestorTitles":["acknowledgement transfer"],"fullName":"acknowledgement transfer reads the current heap after native allocation grows WASM memory","status":"passed","title":"reads the current heap after native allocation grows WASM memory","duration":1.0568000000000666,"failureMessages":[],"location":{"line":55,"column":3},"meta":{},"tags":[],"benchmarks":[]}],"startTime":1789284296738,"endTime":1789284296755.057,"status":"passed","message":"","name":"C:/Users/jorts/sequencer/test/unit/acknowledgement_adapter.test.ts"},{"assertionResults":[{"ancestorTitles":["Instruction and applied Masks"],"fullName":"Instruction and applied Masks retains both overlapping instructions without duplicate content (reverse=false)","status":"failed","title":"retains both overlapping instructions without duplicate content (reverse=false)","duration":36.71389999999997,"failureMessages":["AssertionError: expected [ 'a', 'b', 'c', 'd' ] to deeply equal [ 'a' ]\n    at C:/Users/jorts/sequencer/test/unit/applied_masks.test.ts:56:32\n    at file:///C:/Users/jorts/sequencer/node_modules/vitest/dist/chunks/run.CQOUYP-x.js:2869:63\n    at file:///C:/Users/jorts/sequencer/node_modules/vitest/dist/chunks/run.CQOUYP-x.js:1628:35\n    at file:///C:/Users/jorts/sequencer/node_modules/vitest/dist/chunks/run.CQOUYP-x.js:2783:26\n    at file:///C:/Users/jorts/sequencer/node_modules/vitest/dist/chunks/run.CQOUYP-x.js:3319:20\n    at new Promise (<anonymous>)\n    at runWithCancel (file:///C:/Users/jorts/sequencer/node_modules/vitest/dist/chunks/run.CQOUYP-x.js:3314:10)\n    at file:///C:/Users/jorts/sequencer/node_modules/vitest/dist/chunks/run.CQOUYP-x.js:3299:20\n    at new Promise (<anonymous>)\n    at runWithTimeout (file:///C:/Users/jorts/sequencer/node_modules/vitest/dist/chunks/run.CQOUYP-x.js:3257:10)"],"location":{"line":37,"column":25},"meta":{},"tags":[],"benchmarks":[]},{"ancestorTitles":["Instruction and applied Masks"],"fullName":"Instruction and applied Masks retains both overlapping instructions without duplicate content (reverse=true)","status":"failed","title":"retains both overlapping instructions without duplicate content (reverse=true)","duration":2.376500000000078,"failureMessages":["AssertionError: expected [ 'a', 'b', 'c', 'd' ] to deeply equal [ 'a' ]\n    at C:/Users/jorts/sequencer/test/unit/applied_masks.test.ts:56:32\n    at file:///C:/Users/jorts/sequencer/node_modules/vitest/dist/chunks/run.CQOUYP-x.js:2869:63\n    at file:///C:/Users/jorts/sequencer/node_modules/vitest/dist/chunks/run.CQOUYP-x.js:1628:35\n    at file:///C:/Users/jorts/sequencer/node_modules/vitest/dist/chunks/run.CQOUYP-x.js:2783:26\n    at file:///C:/Users/jorts/sequencer/node_modules/vitest/dist/chunks/run.CQOUYP-x.js:3319:20\n    at new Promise (<anonymous>)\n    at runWithCancel (file:///C:/Users/jorts/sequencer/node_modules/vitest/dist/chunks/run.CQOUYP-x.js:3314:10)\n    at file:///C:/Users/jorts/sequencer/node_modules/vitest/dist/chunks/run.CQOUYP-x.js:3299:20\n    at new Promise (<anonymous>)\n    at runWithTimeout (file:///C:/Users/jorts/sequencer/node_modules/vitest/dist/chunks/run.CQOUYP-x.js:3257:10)"],"location":{"line":37,"column":25},"meta":{},"tags":[],"benchmarks":[]},{"ancestorTitles":["Instruction and applied Masks"],"fullName":"Instruction and applied Masks resolves an insert depending on a masked source point before and after restart","status":"failed","title":"resolves an insert depending on a masked source point before and after restart","duration":7.598700000000008,"failureMessages":["AssertionError: expected [ 'a', 'b', 'X', 'c', 'd' ] to deeply equal [ 'a', 'X', 'd' ]\n    at C:/Users/jorts/sequencer/test/unit/applied_masks.test.ts:81:30\n    at file:///C:/Users/jorts/sequencer/node_modules/vitest/dist/chunks/run.CQOUYP-x.js:1628:35\n    at file:///C:/Users/jorts/sequencer/node_modules/vitest/dist/chunks/run.CQOUYP-x.js:2783:26\n    at file:///C:/Users/jorts/sequencer/node_modules/vitest/dist/chunks/run.CQOUYP-x.js:3319:20\n    at new Promise (<anonymous>)\n    at runWithCancel (file:///C:/Users/jorts/sequencer/node_modules/vitest/dist/chunks/run.CQOUYP-x.js:3314:10)\n    at file:///C:/Users/jorts/sequencer/node_modules/vitest/dist/chunks/run.CQOUYP-x.js:3299:20\n    at new Promise (<anonymous>)\n    at runWithTimeout (file:///C:/Users/jorts/sequencer/node_modules/vitest/dist/chunks/run.CQOUYP-x.js:3257:10)\n    at file:///C:/Users/jorts/sequencer/node_modules/vitest/dist/chunks/run.CQOUYP-x.js:3876:64"],"location":{"line":70,"column":3},"meta":{},"tags":[],"benchmarks":[]},{"ancestorTitles":["Instruction and applied Masks"],"fullName":"Instruction and applied Masks hard GC preserves overlapping content until its remaining instruction is acknowledged","status":"failed","title":"hard GC preserves overlapping content until its remaining instruction is acknowledged","duration":9.155599999999936,"failureMessages":["AssertionError: expected [ 'a', 'c', 'd' ] to deeply equal [ 'a' ]\n    at C:/Users/jorts/sequencer/test/unit/applied_masks.test.ts:98:30\n    at file:///C:/Users/jorts/sequencer/node_modules/vitest/dist/chunks/run.CQOUYP-x.js:1628:35\n    at file:///C:/Users/jorts/sequencer/node_modules/vitest/dist/chunks/run.CQOUYP-x.js:2783:26\n    at file:///C:/Users/jorts/sequencer/node_modules/vitest/dist/chunks/run.CQOUYP-x.js:3319:20\n    at new Promise (<anonymous>)\n    at runWithCancel (file:///C:/Users/jorts/sequencer/node_modules/vitest/dist/chunks/run.CQOUYP-x.js:3314:10)\n    at file:///C:/Users/jorts/sequencer/node_modules/vitest/dist/chunks/run.CQOUYP-x.js:3299:20\n    at new Promise (<anonymous>)\n    at runWithTimeout (file:///C:/Users/jorts/sequencer/node_modules/vitest/dist/chunks/run.CQOUYP-x.js:3257:10)\n    at file:///C:/Users/jorts/sequencer/node_modules/vitest/dist/chunks/run.CQOUYP-x.js:3876:64"],"location":{"line":86,"column":3},"meta":{},"tags":[],"benchmarks":[]},{"ancestorTitles":["Instruction and applied Masks"],"fullName":"Instruction and applied Masks soft GC removes hard-released fragments without retaining old session metadata","status":"failed","title":"soft GC removes hard-released fragments without retaining old session metadata","duration":5.98619999999994,"failureMessages":["AssertionError: expected [ 'a', 'd', undefined, undefined ] to deeply equal [ 'a', 'd' ]\n    at C:/Users/jorts/sequencer/test/unit/applied_masks.test.ts:125:30\n    at file:///C:/Users/jorts/sequencer/node_modules/vitest/dist/chunks/run.CQOUYP-x.js:1628:35\n    at file:///C:/Users/jorts/sequencer/node_modules/vitest/dist/chunks/run.CQOUYP-x.js:2783:26\n    at file:///C:/Users/jorts/sequencer/node_modules/vitest/dist/chunks/run.CQOUYP-x.js:3319:20\n    at new Promise (<anonymous>)\n    at runWithCancel (file:///C:/Users/jorts/sequencer/node_modules/vitest/dist/chunks/run.CQOUYP-x.js:3314:10)\n    at file:///C:/Users/jorts/sequencer/node_modules/vitest/dist/chunks/run.CQOUYP-x.js:3299:20\n    at new Promise (<anonymous>)\n    at runWithTimeout (file:///C:/Users/jorts/sequencer/node_modules/vitest/dist/chunks/run.CQOUYP-x.js:3257:10)\n    at file:///C:/Users/jorts/sequencer/node_modules/vitest/dist/chunks/run.CQOUYP-x.js:3876:64"],"location":{"line":113,"column":3},"meta":{},"tags":[],"benchmarks":[]}],"startTime":1789284274711,"endTime":1789284274772.986,"status":"failed","message":"","name":"C:/Users/jorts/sequencer/test/unit/applied_masks.test.ts"},{"assertionResults":[{"ancestorTitles":["Synchronous transfer buffer consumption"],"fullName":"Synchronous transfer buffer consumption transfers a single acknowledgement through the compaction adapter","status":"passed","title":"transfers a single acknowledgement through the compaction adapter","duration":14.597999999999956,"failureMessages":[],"location":{"line":30,"column":3},"meta":{},"tags":[],"benchmarks":[]},{"ancestorTitles":["Synchronous transfer buffer consumption"],"fullName":"Synchronous transfer buffer consumption copies a Strip before releasing its current allocation","status":"passed","title":"copies a Strip before releasing its current allocation","duration":2.328700000000026,"failureMessages":[],"location":{"line":56,"column":3},"meta":{},"tags":[],"benchmarks":[]},{"ancestorTitles":["Synchronous transfer buffer consumption"],"fullName":"Synchronous transfer buffer consumption prepares fresh Strip storage after the previous read released it","status":"passed","title":"prepares fresh Strip storage after the previous read released it","duration":2.419399999999996,"failureMessages":[],"location":{"line":65,"column":3},"meta":{},"tags":[],"benchmarks":[]},{"ancestorTitles":["Synchronous transfer buffer consumption"],"fullName":"Synchronous transfer buffer consumption recovers visible and soft-masked content before clearing spans","status":"passed","title":"recovers visible and soft-masked content before clearing spans","duration":1.5726999999999407,"failureMessages":[],"location":{"line":79,"column":3},"meta":{},"tags":[],"benchmarks":[]},{"ancestorTitles":["Synchronous transfer buffer consumption"],"fullName":"Synchronous transfer buffer consumption finishes an empty recovery or visible-range transfer","status":"passed","title":"finishes an empty recovery or visible-range transfer","duration":1.116899999999987,"failureMessages":[],"location":{"line":90,"column":3},"meta":{},"tags":[],"benchmarks":[]},{"ancestorTitles":["Synchronous transfer buffer consumption"],"fullName":"Synchronous transfer buffer consumption consumes compaction output only after applying its four-word spans","status":"passed","title":"consumes compaction output only after applying its four-word spans","duration":2.140800000000013,"failureMessages":[],"location":{"line":99,"column":3},"meta":{},"tags":[],"benchmarks":[]},{"ancestorTitles":["Synchronous transfer buffer consumption"],"fullName":"Synchronous transfer buffer consumption finishes an empty compaction result without reading a span pointer","status":"passed","title":"finishes an empty compaction result without reading a span pointer","duration":1.602200000000039,"failureMessages":[],"location":{"line":122,"column":3},"meta":{},"tags":[],"benchmarks":[]}],"startTime":1789284292460,"endTime":1789284292485.6023,"status":"passed","message":"","name":"C:/Users/jorts/sequencer/test/unit/buffer_lifecycle.test.ts"},{"assertionResults":[{"ancestorTitles":["Compaction frontier transfer"],"fullName":"Compaction frontier transfer transfers all actors without selecting in TS, hard=false","status":"passed","title":"transfers all actors without selecting in TS, hard=false","duration":15.67349999999999,"failureMessages":[],"location":{"line":26,"column":25},"meta":{},"tags":[],"benchmarks":[]},{"ancestorTitles":["Compaction frontier transfer"],"fullName":"Compaction frontier transfer transfers all actors without selecting in TS, hard=true","status":"passed","title":"transfers all actors without selecting in TS, hard=true","duration":1.123299999999972,"failureMessages":[],"location":{"line":26,"column":25},"meta":{},"tags":[],"benchmarks":[]},{"ancestorTitles":["Compaction frontier transfer"],"fullName":"Compaction frontier transfer preserves empty actor acknowledgements: [ [] ]","status":"passed","title":"preserves empty actor acknowledgements: [ [] ]","duration":0.9870999999999412,"failureMessages":[],"location":{"line":56,"column":5},"meta":{},"tags":[],"benchmarks":[]},{"ancestorTitles":["Compaction frontier transfer"],"fullName":"Compaction frontier transfer preserves empty actor acknowledgements: [ [ 10, 20, 8 ], [] ]","status":"passed","title":"preserves empty actor acknowledgements: [ [ 10, 20, 8 ], [] ]","duration":0.5226000000000113,"failureMessages":[],"location":{"line":56,"column":5},"meta":{},"tags":[],"benchmarks":[]},{"ancestorTitles":["Compaction frontier transfer"],"fullName":"Compaction frontier transfer preserves empty actor acknowledgements: [ [], [ 10, 20, 8 ] ]","status":"passed","title":"preserves empty actor acknowledgements: [ [], [ 10, 20, 8 ] ]","duration":0.5300000000000864,"failureMessages":[],"location":{"line":56,"column":5},"meta":{},"tags":[],"benchmarks":[]},{"ancestorTitles":["Compaction frontier transfer"],"fullName":"Compaction frontier transfer does nothing when no actors are supplied","status":"passed","title":"does nothing when no actors are supplied","duration":1.2659000000001015,"failureMessages":[],"location":{"line":66,"column":3},"meta":{},"tags":[],"benchmarks":[]},{"ancestorTitles":["Compaction frontier transfer"],"fullName":"Compaction frontier transfer reacquires memory after preparation and consumes returned spans","status":"passed","title":"reacquires memory after preparation and consumes returned spans","duration":2.364500000000021,"failureMessages":[],"location":{"line":74,"column":3},"meta":{},"tags":[],"benchmarks":[]}],"startTime":1789284291464,"endTime":1789284291487.3645,"status":"passed","message":"","name":"C:/Users/jorts/sequencer/test/unit/compaction_frontier.test.ts"},{"assertionResults":[{"ancestorTitles":["Compiled production runtime"],"fullName":"Compiled production runtime keeps one Mask across source fragments separated by 1 inserts","status":"failed","title":"keeps one Mask across source fragments separated by 1 inserts","duration":55.52620000000002,"failureMessages":["AssertionError: expected [ 'a', 'b', 'X0:0', 'c', 'd', …(3) ] to deeply equal [ 'X0:0', 'X1:0', 'f' ]\n    at C:/Users/jorts/sequencer/test/unit/compiled_runtime.test.ts:90:32\n    at file:///C:/Users/jorts/sequencer/node_modules/vitest/dist/chunks/run.CQOUYP-x.js:2869:63\n    at file:///C:/Users/jorts/sequencer/node_modules/vitest/dist/chunks/run.CQOUYP-x.js:1628:35\n    at file:///C:/Users/jorts/sequencer/node_modules/vitest/dist/chunks/run.CQOUYP-x.js:2783:26\n    at file:///C:/Users/jorts/sequencer/node_modules/vitest/dist/chunks/run.CQOUYP-x.js:3319:20\n    at new Promise (<anonymous>)\n    at runWithCancel (file:///C:/Users/jorts/sequencer/node_modules/vitest/dist/chunks/run.CQOUYP-x.js:3314:10)\n    at file:///C:/Users/jorts/sequencer/node_modules/vitest/dist/chunks/run.CQOUYP-x.js:3299:20\n    at new Promise (<anonymous>)\n    at runWithTimeout (file:///C:/Users/jorts/sequencer/node_modules/vitest/dist/chunks/run.CQOUYP-x.js:3257:10)"],"location":{"line":28,"column":23},"meta":{},"tags":[],"benchmarks":[]},{"ancestorTitles":["Compiled production runtime"],"fullName":"Compiled production runtime keeps one Mask across source fragments separated by 16 inserts","status":"failed","title":"keeps one Mask across source fragments separated by 16 inserts","duration":8.233099999999922,"failureMessages":["AssertionError: expected [ 'a', 'b', 'X0:0', 'X0:1', …(34) ] to deeply equal [ 'X0:0', 'X0:1', 'X0:2', …(30) ]\n    at C:/Users/jorts/sequencer/test/unit/compiled_runtime.test.ts:90:32\n    at file:///C:/Users/jorts/sequencer/node_modules/vitest/dist/chunks/run.CQOUYP-x.js:2869:63\n    at file:///C:/Users/jorts/sequencer/node_modules/vitest/dist/chunks/run.CQOUYP-x.js:1628:35\n    at file:///C:/Users/jorts/sequencer/node_modules/vitest/dist/chunks/run.CQOUYP-x.js:2783:26\n    at file:///C:/Users/jorts/sequencer/node_modules/vitest/dist/chunks/run.CQOUYP-x.js:3319:20\n    at new Promise (<anonymous>)\n    at runWithCancel (file:///C:/Users/jorts/sequencer/node_modules/vitest/dist/chunks/run.CQOUYP-x.js:3314:10)\n    at file:///C:/Users/jorts/sequencer/node_modules/vitest/dist/chunks/run.CQOUYP-x.js:3299:20\n    at new Promise (<anonymous>)\n    at runWithTimeout (file:///C:/Users/jorts/sequencer/node_modules/vitest/dist/chunks/run.CQOUYP-x.js:3257:10)"],"location":{"line":28,"column":23},"meta":{},"tags":[],"benchmarks":[]},{"ancestorTitles":["Compiled production runtime"],"fullName":"Compiled production runtime keeps one Mask across source fragments separated by 64 inserts","status":"failed","title":"keeps one Mask across source fragments separated by 64 inserts","duration":17.66829999999993,"failureMessages":["AssertionError: expected [ 'a', 'b', 'X0:0', 'X0:1', …(130) ] to deeply equal [ 'X0:0', 'X0:1', 'X0:2', …(126) ]\n    at C:/Users/jorts/sequencer/test/unit/compiled_runtime.test.ts:90:32\n    at file:///C:/Users/jorts/sequencer/node_modules/vitest/dist/chunks/run.CQOUYP-x.js:2869:63\n    at file:///C:/Users/jorts/sequencer/node_modules/vitest/dist/chunks/run.CQOUYP-x.js:1628:35\n    at file:///C:/Users/jorts/sequencer/node_modules/vitest/dist/chunks/run.CQOUYP-x.js:2783:26\n    at file:///C:/Users/jorts/sequencer/node_modules/vitest/dist/chunks/run.CQOUYP-x.js:3319:20\n    at new Promise (<anonymous>)\n    at runWithCancel (file:///C:/Users/jorts/sequencer/node_modules/vitest/dist/chunks/run.CQOUYP-x.js:3314:10)\n    at file:///C:/Users/jorts/sequencer/node_modules/vitest/dist/chunks/run.CQOUYP-x.js:3299:20\n    at new Promise (<anonymous>)\n    at runWithTimeout (file:///C:/Users/jorts/sequencer/node_modules/vitest/dist/chunks/run.CQOUYP-x.js:3257:10)"],"location":{"line":28,"column":23},"meta":{},"tags":[],"benchmarks":[]},{"ancestorTitles":["Compiled production runtime"],"fullName":"Compiled production runtime follows 1 empty source anchors without masking intervening inserts","status":"failed","title":"follows 1 empty source anchors without masking intervening inserts","duration":3.0972999999999047,"failureMessages":["AssertionError: expected [ 'X0', 'a', 'b', 'c' ] to deeply equal [ 'X0', 'c' ]\n    at C:/Users/jorts/sequencer/test/unit/compiled_runtime.test.ts:149:32\n    at file:///C:/Users/jorts/sequencer/node_modules/vitest/dist/chunks/run.CQOUYP-x.js:2869:63\n    at file:///C:/Users/jorts/sequencer/node_modules/vitest/dist/chunks/run.CQOUYP-x.js:1628:35\n    at file:///C:/Users/jorts/sequencer/node_modules/vitest/dist/chunks/run.CQOUYP-x.js:2783:26\n    at file:///C:/Users/jorts/sequencer/node_modules/vitest/dist/chunks/run.CQOUYP-x.js:3319:20\n    at new Promise (<anonymous>)\n    at runWithCancel (file:///C:/Users/jorts/sequencer/node_modules/vitest/dist/chunks/run.CQOUYP-x.js:3314:10)\n    at file:///C:/Users/jorts/sequencer/node_modules/vitest/dist/chunks/run.CQOUYP-x.js:3299:20\n    at new Promise (<anonymous>)\n    at runWithTimeout (file:///C:/Users/jorts/sequencer/node_modules/vitest/dist/chunks/run.CQOUYP-x.js:3257:10)"],"location":{"line":112,"column":22},"meta":{},"tags":[],"benchmarks":[]},{"ancestorTitles":["Compiled production runtime"],"fullName":"Compiled production runtime follows 3 empty source anchors without masking intervening inserts","status":"failed","title":"follows 3 empty source anchors without masking intervening inserts","duration":2.055500000000052,"failureMessages":["AssertionError: expected [ 'X0', 'X1', 'X2', 'a', 'b', 'c' ] to deeply equal [ 'X0', 'X1', 'X2', 'c' ]\n    at C:/Users/jorts/sequencer/test/unit/compiled_runtime.test.ts:149:32\n    at file:///C:/Users/jorts/sequencer/node_modules/vitest/dist/chunks/run.CQOUYP-x.js:2869:63\n    at file:///C:/Users/jorts/sequencer/node_modules/vitest/dist/chunks/run.CQOUYP-x.js:1628:35\n    at file:///C:/Users/jorts/sequencer/node_modules/vitest/dist/chunks/run.CQOUYP-x.js:2783:26\n    at file:///C:/Users/jorts/sequencer/node_modules/vitest/dist/chunks/run.CQOUYP-x.js:3319:20\n    at new Promise (<anonymous>)\n    at runWithCancel (file:///C:/Users/jorts/sequencer/node_modules/vitest/dist/chunks/run.CQOUYP-x.js:3314:10)\n    at file:///C:/Users/jorts/sequencer/node_modules/vitest/dist/chunks/run.CQOUYP-x.js:3299:20\n    at new Promise (<anonymous>)\n    at runWithTimeout (file:///C:/Users/jorts/sequencer/node_modules/vitest/dist/chunks/run.CQOUYP-x.js:3257:10)"],"location":{"line":112,"column":22},"meta":{},"tags":[],"benchmarks":[]},{"ancestorTitles":["Compiled production runtime"],"fullName":"Compiled production runtime follows 16 empty source anchors without masking intervening inserts","status":"failed","title":"follows 16 empty source anchors without masking intervening inserts","duration":3.7346000000000004,"failureMessages":["AssertionError: expected [ 'X0', 'X1', 'X2', 'X3', 'X4', …(14) ] to deeply equal [ 'X0', 'X1', 'X2', 'X3', 'X4', …(12) ]\n    at C:/Users/jorts/sequencer/test/unit/compiled_runtime.test.ts:149:32\n    at file:///C:/Users/jorts/sequencer/node_modules/vitest/dist/chunks/run.CQOUYP-x.js:2869:63\n    at file:///C:/Users/jorts/sequencer/node_modules/vitest/dist/chunks/run.CQOUYP-x.js:1628:35\n    at file:///C:/Users/jorts/sequencer/node_modules/vitest/dist/chunks/run.CQOUYP-x.js:2783:26\n    at file:///C:/Users/jorts/sequencer/node_modules/vitest/dist/chunks/run.CQOUYP-x.js:3319:20\n    at new Promise (<anonymous>)\n    at runWithCancel (file:///C:/Users/jorts/sequencer/node_modules/vitest/dist/chunks/run.CQOUYP-x.js:3314:10)\n    at file:///C:/Users/jorts/sequencer/node_modules/vitest/dist/chunks/run.CQOUYP-x.js:3299:20\n    at new Promise (<anonymous>)\n    at runWithTimeout (file:///C:/Users/jorts/sequencer/node_modules/vitest/dist/chunks/run.CQOUYP-x.js:3257:10)"],"location":{"line":112,"column":22},"meta":{},"tags":[],"benchmarks":[]},{"ancestorTitles":["Compiled production runtime"],"fullName":"Compiled production runtime accepts a retransmitted child and ignores repeated identities","status":"passed","title":"accepts a retransmitted child and ignores repeated identities","duration":1.846300000000042,"failureMessages":[],"location":{"line":156,"column":3},"meta":{},"tags":[],"benchmarks":[]},{"ancestorTitles":["Compiled production runtime"],"fullName":"Compiled production runtime preserves an applied Mask identity and ACK through a snapshot","status":"failed","title":"preserves an applied Mask identity and ACK through a snapshot","duration":2.7971999999999753,"failureMessages":["AssertionError: expected [ 'a', 'b', 'c' ] to deeply equal [ 'a', 'c' ]\n    at C:/Users/jorts/sequencer/test/unit/compiled_runtime.test.ts:179:30\n    at file:///C:/Users/jorts/sequencer/node_modules/vitest/dist/chunks/run.CQOUYP-x.js:1628:35\n    at file:///C:/Users/jorts/sequencer/node_modules/vitest/dist/chunks/run.CQOUYP-x.js:2783:26\n    at file:///C:/Users/jorts/sequencer/node_modules/vitest/dist/chunks/run.CQOUYP-x.js:3319:20\n    at new Promise (<anonymous>)\n    at runWithCancel (file:///C:/Users/jorts/sequencer/node_modules/vitest/dist/chunks/run.CQOUYP-x.js:3314:10)\n    at file:///C:/Users/jorts/sequencer/node_modules/vitest/dist/chunks/run.CQOUYP-x.js:3299:20\n    at new Promise (<anonymous>)\n    at runWithTimeout (file:///C:/Users/jorts/sequencer/node_modules/vitest/dist/chunks/run.CQOUYP-x.js:3257:10)\n    at file:///C:/Users/jorts/sequencer/node_modules/vitest/dist/chunks/run.CQOUYP-x.js:3876:64"],"location":{"line":169,"column":3},"meta":{},"tags":[],"benchmarks":[]},{"ancestorTitles":["Compiled production runtime"],"fullName":"Compiled production runtime does not release soft content unless hard compaction is requested","status":"passed","title":"does not release soft content unless hard compaction is requested","duration":3.36220000000003,"failureMessages":[],"location":{"line":185,"column":3},"meta":{},"tags":[],"benchmarks":[]}],"startTime":1789284277240,"endTime":1789284277339.3623,"status":"failed","message":"","name":"C:/Users/jorts/sequencer/test/unit/compiled_runtime.test.ts"},{"assertionResults":[{"ancestorTitles":["TypeScript boundaries"],"fullName":"TypeScript boundaries validates flat Delta tuple shapes","status":"passed","title":"validates flat Delta tuple shapes","duration":72.23070000000007,"failureMessages":[],"location":{"line":4,"column":3},"meta":{},"tags":[],"benchmarks":[]},{"ancestorTitles":["TypeScript boundaries"],"fullName":"TypeScript boundaries releases the native sequence through its finalizer","status":"passed","title":"releases the native sequence through its finalizer","duration":18.828199999999924,"failureMessages":[],"location":{"line":18,"column":3},"meta":{},"tags":[],"benchmarks":[]}],"startTime":1789284285594,"endTime":1789284285684.8281,"status":"passed","message":"","name":"C:/Users/jorts/sequencer/test/unit/coverage.test.ts"},{"assertionResults":[{"ancestorTitles":["Trusted snapshot initialization"],"fullName":"Trusted snapshot initialization transfers the trusted words once and uses the supplied Footage array","status":"passed","title":"transfers the trusted words once and uses the supplied Footage array","duration":20.961900000000014,"failureMessages":[],"location":{"line":34,"column":3},"meta":{},"tags":[],"benchmarks":[]},{"ancestorTitles":["Trusted snapshot initialization"],"fullName":"Trusted snapshot initialization reacquires the heap after preparing a growing buffer","status":"passed","title":"reacquires the heap after preparing a growing buffer","duration":1.7948000000000093,"failureMessages":[],"location":{"line":55,"column":3},"meta":{},"tags":[],"benchmarks":[]},{"ancestorTitles":["Trusted snapshot initialization"],"fullName":"Trusted snapshot initialization creates an empty Replica without a redundant buffer write","status":"passed","title":"creates an empty Replica without a redundant buffer write","duration":2.296799999999962,"failureMessages":[],"location":{"line":68,"column":3},"meta":{},"tags":[],"benchmarks":[]},{"ancestorTitles":["Trusted snapshot initialization"],"fullName":"Trusted snapshot initialization initializes structural anchors and Mask instructions even with no Footage","status":"passed","title":"initializes structural anchors and Mask instructions even with no Footage","duration":4.775600000000054,"failureMessages":[],"location":{"line":74,"column":3},"meta":{},"tags":[],"benchmarks":[]},{"ancestorTitles":["Trusted snapshot initialization"],"fullName":"Trusted snapshot initialization preserves released slots and shares the consumer array","status":"passed","title":"preserves released slots and shares the consumer array","duration":3.138500000000022,"failureMessages":[],"location":{"line":87,"column":3},"meta":{},"tags":[],"benchmarks":[]},{"ancestorTitles":["Trusted snapshot initialization"],"fullName":"Trusted snapshot initialization releases the native Projector through the current ABI","status":"passed","title":"releases the native Projector through the current ABI","duration":1.5593000000000075,"failureMessages":[],"location":{"line":98,"column":3},"meta":{},"tags":[],"benchmarks":[]}],"startTime":1789284288845,"endTime":1789284288879.5593,"status":"passed","message":"","name":"C:/Users/jorts/sequencer/test/unit/create_adapter.test.ts"},{"assertionResults":[{"ancestorTitles":["runtime CRUD"],"fullName":"runtime CRUD creates an empty Projection","status":"passed","title":"creates an empty Projection","duration":13.562099999999987,"failureMessages":[],"location":{"line":15,"column":3},"meta":{},"tags":[],"benchmarks":[]},{"ancestorTitles":["runtime CRUD"],"fullName":"runtime CRUD inserts at the beginning, middle, and end","status":"passed","title":"inserts at the beginning, middle, and end","duration":7.2181000000000495,"failureMessages":[],"location":{"line":23,"column":3},"meta":{},"tags":[],"benchmarks":[]},{"ancestorTitles":["runtime CRUD"],"fullName":"runtime CRUD resolves distant indexes across multi-Frame Strip checkpoints","status":"passed","title":"resolves distant indexes across multi-Frame Strip checkpoints","duration":73.17780000000005,"failureMessages":[],"location":{"line":36,"column":3},"meta":{},"tags":[],"benchmarks":[]},{"ancestorTitles":["runtime CRUD"],"fullName":"runtime CRUD soft deletion hides a range while retaining recovery Footage","status":"passed","title":"soft deletion hides a range while retaining recovery Footage","duration":1.074700000000007,"failureMessages":[],"location":{"line":59,"column":3},"meta":{},"tags":[],"benchmarks":[]},{"ancestorTitles":["runtime CRUD"],"fullName":"runtime CRUD removes the complete multi-Frame Projection without a checkpoint","status":"passed","title":"removes the complete multi-Frame Projection without a checkpoint","duration":1.3847000000000662,"failureMessages":[],"location":{"line":70,"column":3},"meta":{},"tags":[],"benchmarks":[]},{"ancestorTitles":["runtime CRUD"],"fullName":"runtime CRUD hard deletion releases only the removed Footage","status":"passed","title":"hard deletion releases only the removed Footage","duration":2.090599999999995,"failureMessages":[],"location":{"line":81,"column":3},"meta":{},"tags":[],"benchmarks":[]},{"ancestorTitles":["runtime CRUD"],"fullName":"runtime CRUD replaces a visible range through one combined Delta","status":"passed","title":"replaces a visible range through one combined Delta","duration":4.727800000000002,"failureMessages":[],"location":{"line":91,"column":3},"meta":{},"tags":[],"benchmarks":[]},{"ancestorTitles":["runtime CRUD"],"fullName":"runtime CRUD uses Projection end as the default removal boundary","status":"passed","title":"uses Projection end as the default removal boundary","duration":2.01419999999996,"failureMessages":[],"location":{"line":103,"column":3},"meta":{},"tags":[],"benchmarks":[]},{"ancestorTitles":["runtime CRUD"],"fullName":"runtime CRUD does not issue empty writes","status":"passed","title":"does not issue empty writes","duration":1.314799999999991,"failureMessages":[],"location":{"line":111,"column":3},"meta":{},"tags":[],"benchmarks":[]}],"startTime":1789284283595,"endTime":1789284283702.3147,"status":"passed","message":"","name":"C:/Users/jorts/sequencer/test/unit/crud.test.ts"},{"assertionResults":[{"ancestorTitles":["Explicit Replica destruction"],"fullName":"Explicit Replica destruction does not release a reused Projector on repeated destruction","status":"passed","title":"does not release a reused Projector on repeated destruction","duration":26.107399999999984,"failureMessages":[],"location":{"line":5,"column":3},"meta":{},"tags":[],"benchmarks":[]}],"startTime":1789284295693,"endTime":1789284295719.1074,"status":"passed","message":"","name":"C:/Users/jorts/sequencer/test/unit/destroy.test.ts"},{"assertionResults":[{"ancestorTitles":["Local insert transfer"],"fullName":"Local insert transfer uses before placement at visible index 0","status":"passed","title":"uses before placement at visible index 0","duration":14.08120000000008,"failureMessages":[],"location":{"line":39,"column":21},"meta":{},"tags":[],"benchmarks":[]},{"ancestorTitles":["Local insert transfer"],"fullName":"Local insert transfer uses before placement at visible index 1","status":"passed","title":"uses before placement at visible index 1","duration":1.0532000000000608,"failureMessages":[],"location":{"line":39,"column":21},"meta":{},"tags":[],"benchmarks":[]},{"ancestorTitles":["Local insert transfer"],"fullName":"Local insert transfer uses before placement at visible index 2","status":"passed","title":"uses before placement at visible index 2","duration":0.7222999999999047,"failureMessages":[],"location":{"line":39,"column":21},"meta":{},"tags":[],"benchmarks":[]},{"ancestorTitles":["Local insert transfer"],"fullName":"Local insert transfer delegates tail boundary detection without a length roundtrip","status":"passed","title":"delegates tail boundary detection without a length roundtrip","duration":1.2740999999999758,"failureMessages":[],"location":{"line":53,"column":3},"meta":{},"tags":[],"benchmarks":[]},{"ancestorTitles":["Local insert transfer"],"fullName":"Local insert transfer leaves birth and masked-only placement to native update","status":"passed","title":"leaves birth and masked-only placement to native update","duration":0.5888999999999669,"failureMessages":[],"location":{"line":65,"column":3},"meta":{},"tags":[],"benchmarks":[]},{"ancestorTitles":["Local insert transfer"],"fullName":"Local insert transfer delegates empty issuance to native update","status":"passed","title":"delegates empty issuance to native update","duration":0.9954999999999927,"failureMessages":[],"location":{"line":77,"column":3},"meta":{},"tags":[],"benchmarks":[]},{"ancestorTitles":["Local insert transfer"],"fullName":"Local insert transfer does not append Footage or read a result after rejected issuance","status":"passed","title":"does not append Footage or read a result after rejected issuance","duration":1.0845000000000482,"failureMessages":[],"location":{"line":83,"column":3},"meta":{},"tags":[],"benchmarks":[]},{"ancestorTitles":["Local insert transfer"],"fullName":"Local insert transfer reads the replacement heap and returns the supplied values array","status":"passed","title":"reads the replacement heap and returns the supplied values array","duration":2.2386000000000195,"failureMessages":[],"location":{"line":91,"column":3},"meta":{},"tags":[],"benchmarks":[]},{"ancestorTitles":["Local insert transfer"],"fullName":"Local insert transfer accepts aliased input without copying newly appended entries recursively","status":"passed","title":"accepts aliased input without copying newly appended entries recursively","duration":0.8397999999999683,"failureMessages":[],"location":{"line":112,"column":3},"meta":{},"tags":[],"benchmarks":[]},{"ancestorTitles":["Local insert transfer"],"fullName":"Local insert transfer appends a large batch without spreading values onto the call stack","status":"passed","title":"appends a large batch without spreading values onto the call stack","duration":10.494699999999966,"failureMessages":[],"location":{"line":121,"column":3},"meta":{},"tags":[],"benchmarks":[]}],"startTime":1789284286571,"endTime":1789284286604.4946,"status":"passed","message":"","name":"C:/Users/jorts/sequencer/test/unit/insert_adapter.test.ts"},{"assertionResults":[{"ancestorTitles":["runtime merge and retained state"],"fullName":"runtime merge and retained state rejects malformed merge data and ignores duplicate operations","status":"passed","title":"rejects malformed merge data and ignores duplicate operations","duration":22.727300000000014,"failureMessages":[],"location":{"line":16,"column":3},"meta":{},"tags":[],"benchmarks":[]},{"ancestorTitles":["runtime merge and retained state"],"fullName":"runtime merge and retained state merges an issued Strip into a Replica with the same base","status":"passed","title":"merges an issued Strip into a Replica with the same base","duration":1.9741999999999962,"failureMessages":[],"location":{"line":31,"column":3},"meta":{},"tags":[],"benchmarks":[]},{"ancestorTitles":["runtime merge and retained state"],"fullName":"runtime merge and retained state merges a Mask into a Replica with the same base","status":"passed","title":"merges a Mask into a Replica with the same base","duration":1.6466999999998961,"failureMessages":[],"location":{"line":44,"column":3},"meta":{},"tags":[],"benchmarks":[]},{"ancestorTitles":["runtime merge and retained state"],"fullName":"runtime merge and retained state omits an unknown Strip and its Footage from the Snapshot","status":"passed","title":"omits an unknown Strip and its Footage from the Snapshot","duration":5.797799999999938,"failureMessages":[],"location":{"line":57,"column":3},"meta":{},"tags":[],"benchmarks":[]},{"ancestorTitles":["runtime merge and retained state"],"fullName":"runtime merge and retained state acknowledges materialized Realms and collects Mask Footage","status":"passed","title":"acknowledges materialized Realms and collects Mask Footage","duration":6.362799999999993,"failureMessages":[],"location":{"line":75,"column":3},"meta":{},"tags":[],"benchmarks":[]},{"ancestorTitles":["runtime merge and retained state"],"fullName":"runtime merge and retained state requires exact Realm frontiers without mutating acknowledgements","status":"passed","title":"requires exact Realm frontiers without mutating acknowledgements","duration":1.7364000000000033,"failureMessages":[],"location":{"line":94,"column":3},"meta":{},"tags":[],"benchmarks":[]}],"startTime":1789284287595,"endTime":1789284287635.7363,"status":"passed","message":"","name":"C:/Users/jorts/sequencer/test/unit/mags.test.ts"},{"assertionResults":[{"ancestorTitles":["Mask creation-time dependency prefix"],"fullName":"Mask creation-time dependency prefix masks b on either side of a head split, reverse=false","status":"failed","title":"masks b on either side of a head split, reverse=false","duration":34.76980000000003,"failureMessages":["AssertionError: expected [ 'X', 'a', 'b', 'c' ] to deeply equal [ 'X', 'a', 'c' ]\n    at C:/Users/jorts/sequencer/test/unit/mask_prefix.test.ts:42:29\n    at file:///C:/Users/jorts/sequencer/node_modules/vitest/dist/chunks/run.CQOUYP-x.js:2869:63\n    at file:///C:/Users/jorts/sequencer/node_modules/vitest/dist/chunks/run.CQOUYP-x.js:1628:35\n    at file:///C:/Users/jorts/sequencer/node_modules/vitest/dist/chunks/run.CQOUYP-x.js:2783:26\n    at file:///C:/Users/jorts/sequencer/node_modules/vitest/dist/chunks/run.CQOUYP-x.js:3319:20\n    at new Promise (<anonymous>)\n    at runWithCancel (file:///C:/Users/jorts/sequencer/node_modules/vitest/dist/chunks/run.CQOUYP-x.js:3314:10)\n    at file:///C:/Users/jorts/sequencer/node_modules/vitest/dist/chunks/run.CQOUYP-x.js:3299:20\n    at new Promise (<anonymous>)\n    at runWithTimeout (file:///C:/Users/jorts/sequencer/node_modules/vitest/dist/chunks/run.CQOUYP-x.js:3257:10)"],"location":{"line":34,"column":25},"meta":{},"tags":[],"benchmarks":[]},{"ancestorTitles":["Mask creation-time dependency prefix"],"fullName":"Mask creation-time dependency prefix masks b on either side of a head split, reverse=true","status":"failed","title":"masks b on either side of a head split, reverse=true","duration":6.846700000000055,"failureMessages":["AssertionError: expected [ 'X', 'a', 'b', 'c' ] to deeply equal [ 'X', 'a', 'c' ]\n    at C:/Users/jorts/sequencer/test/unit/mask_prefix.test.ts:47:33\n    at file:///C:/Users/jorts/sequencer/node_modules/vitest/dist/chunks/run.CQOUYP-x.js:2869:63\n    at file:///C:/Users/jorts/sequencer/node_modules/vitest/dist/chunks/run.CQOUYP-x.js:1628:35\n    at file:///C:/Users/jorts/sequencer/node_modules/vitest/dist/chunks/run.CQOUYP-x.js:2783:26\n    at file:///C:/Users/jorts/sequencer/node_modules/vitest/dist/chunks/run.CQOUYP-x.js:3319:20\n    at new Promise (<anonymous>)\n    at runWithCancel (file:///C:/Users/jorts/sequencer/node_modules/vitest/dist/chunks/run.CQOUYP-x.js:3314:10)\n    at file:///C:/Users/jorts/sequencer/node_modules/vitest/dist/chunks/run.CQOUYP-x.js:3299:20\n    at new Promise (<anonymous>)\n    at runWithTimeout (file:///C:/Users/jorts/sequencer/node_modules/vitest/dist/chunks/run.CQOUYP-x.js:3257:10)"],"location":{"line":34,"column":25},"meta":{},"tags":[],"benchmarks":[]},{"ancestorTitles":["Mask creation-time dependency prefix"],"fullName":"Mask creation-time dependency prefix keeps no unknown Mask and resolves its prefix on retransmission","status":"passed","title":"keeps no unknown Mask and resolves its prefix on retransmission","duration":2.862899999999968,"failureMessages":[],"location":{"line":57,"column":3},"meta":{},"tags":[],"benchmarks":[]},{"ancestorTitles":["Mask creation-time dependency prefix"],"fullName":"Mask creation-time dependency prefix resolves the unchanged source before insertion at 0 arrives","status":"failed","title":"resolves the unchanged source before insertion at 0 arrives","duration":8.52170000000001,"failureMessages":["AssertionError: expected [ 'X', 'a', 'b', 'c' ] to deeply equal [ 'X', 'a', 'c' ]\n    at C:/Users/jorts/sequencer/test/unit/mask_prefix.test.ts:83:33\n    at file:///C:/Users/jorts/sequencer/node_modules/vitest/dist/chunks/run.CQOUYP-x.js:2869:63\n    at file:///C:/Users/jorts/sequencer/node_modules/vitest/dist/chunks/run.CQOUYP-x.js:1628:35\n    at file:///C:/Users/jorts/sequencer/node_modules/vitest/dist/chunks/run.CQOUYP-x.js:2783:26\n    at file:///C:/Users/jorts/sequencer/node_modules/vitest/dist/chunks/run.CQOUYP-x.js:3319:20\n    at new Promise (<anonymous>)\n    at runWithCancel (file:///C:/Users/jorts/sequencer/node_modules/vitest/dist/chunks/run.CQOUYP-x.js:3314:10)\n    at file:///C:/Users/jorts/sequencer/node_modules/vitest/dist/chunks/run.CQOUYP-x.js:3299:20\n    at new Promise (<anonymous>)\n    at runWithTimeout (file:///C:/Users/jorts/sequencer/node_modules/vitest/dist/chunks/run.CQOUYP-x.js:3257:10)"],"location":{"line":70,"column":18},"meta":{},"tags":[],"benchmarks":[]},{"ancestorTitles":["Mask creation-time dependency prefix"],"fullName":"Mask creation-time dependency prefix resolves the unchanged source before insertion at 1 arrives","status":"failed","title":"resolves the unchanged source before insertion at 1 arrives","duration":3.929399999999987,"failureMessages":["AssertionError: expected [ 'a', 'X', 'b', 'c' ] to deeply equal [ 'a', 'X', 'c' ]\n    at C:/Users/jorts/sequencer/test/unit/mask_prefix.test.ts:83:33\n    at file:///C:/Users/jorts/sequencer/node_modules/vitest/dist/chunks/run.CQOUYP-x.js:2869:63\n    at file:///C:/Users/jorts/sequencer/node_modules/vitest/dist/chunks/run.CQOUYP-x.js:1628:35\n    at file:///C:/Users/jorts/sequencer/node_modules/vitest/dist/chunks/run.CQOUYP-x.js:2783:26\n    at file:///C:/Users/jorts/sequencer/node_modules/vitest/dist/chunks/run.CQOUYP-x.js:3319:20\n    at new Promise (<anonymous>)\n    at runWithCancel (file:///C:/Users/jorts/sequencer/node_modules/vitest/dist/chunks/run.CQOUYP-x.js:3314:10)\n    at file:///C:/Users/jorts/sequencer/node_modules/vitest/dist/chunks/run.CQOUYP-x.js:3299:20\n    at new Promise (<anonymous>)\n    at runWithTimeout (file:///C:/Users/jorts/sequencer/node_modules/vitest/dist/chunks/run.CQOUYP-x.js:3257:10)"],"location":{"line":70,"column":18},"meta":{},"tags":[],"benchmarks":[]},{"ancestorTitles":["Mask creation-time dependency prefix"],"fullName":"Mask creation-time dependency prefix stores a frame offset larger than the Strip count without index remapping","status":"failed","title":"stores a frame offset larger than the Strip count without index remapping","duration":6.9424999999999955,"failureMessages":["AssertionError: expected [ Array(64) ] to deeply equal [ Array(63) ]\n    at C:/Users/jorts/sequencer/test/unit/mask_prefix.test.ts:110:29\n    at file:///C:/Users/jorts/sequencer/node_modules/vitest/dist/chunks/run.CQOUYP-x.js:1628:35\n    at file:///C:/Users/jorts/sequencer/node_modules/vitest/dist/chunks/run.CQOUYP-x.js:2783:26\n    at file:///C:/Users/jorts/sequencer/node_modules/vitest/dist/chunks/run.CQOUYP-x.js:3319:20\n    at new Promise (<anonymous>)\n    at runWithCancel (file:///C:/Users/jorts/sequencer/node_modules/vitest/dist/chunks/run.CQOUYP-x.js:3314:10)\n    at file:///C:/Users/jorts/sequencer/node_modules/vitest/dist/chunks/run.CQOUYP-x.js:3299:20\n    at new Promise (<anonymous>)\n    at runWithTimeout (file:///C:/Users/jorts/sequencer/node_modules/vitest/dist/chunks/run.CQOUYP-x.js:3257:10)\n    at file:///C:/Users/jorts/sequencer/node_modules/vitest/dist/chunks/run.CQOUYP-x.js:3876:64"],"location":{"line":91,"column":3},"meta":{},"tags":[],"benchmarks":[]},{"ancestorTitles":["Mask creation-time dependency prefix"],"fullName":"Mask creation-time dependency prefix keeps source prefix fragments until dependent instructions can be collected","status":"failed","title":"keeps source prefix fragments until dependent instructions can be collected","duration":14.068499999999972,"failureMessages":["AssertionError: expected [ 'a', 'c', 'd' ] to deeply equal [ 'a' ]\n    at C:/Users/jorts/sequencer/test/unit/mask_prefix.test.ts:137:31\n    at file:///C:/Users/jorts/sequencer/node_modules/vitest/dist/chunks/run.CQOUYP-x.js:1628:35\n    at file:///C:/Users/jorts/sequencer/node_modules/vitest/dist/chunks/run.CQOUYP-x.js:2783:26\n    at file:///C:/Users/jorts/sequencer/node_modules/vitest/dist/chunks/run.CQOUYP-x.js:3319:20\n    at new Promise (<anonymous>)\n    at runWithCancel (file:///C:/Users/jorts/sequencer/node_modules/vitest/dist/chunks/run.CQOUYP-x.js:3314:10)\n    at file:///C:/Users/jorts/sequencer/node_modules/vitest/dist/chunks/run.CQOUYP-x.js:3299:20\n    at new Promise (<anonymous>)\n    at runWithTimeout (file:///C:/Users/jorts/sequencer/node_modules/vitest/dist/chunks/run.CQOUYP-x.js:3257:10)\n    at file:///C:/Users/jorts/sequencer/node_modules/vitest/dist/chunks/run.CQOUYP-x.js:3876:64"],"location":{"line":125,"column":3},"meta":{},"tags":[],"benchmarks":[]}],"startTime":1789284273546,"endTime":1789284273624.0686,"status":"failed","message":"","name":"C:/Users/jorts/sequencer/test/unit/mask_prefix.test.ts"},{"assertionResults":[{"ancestorTitles":["Native merge change spans"],"fullName":"Native merge change spans returns only incoming content without separate length or values calls","status":"passed","title":"returns only incoming content without separate length or values calls","duration":43.95940000000007,"failureMessages":[],"location":{"line":24,"column":3},"meta":{},"tags":[],"benchmarks":[]},{"ancestorTitles":["Native merge change spans"],"fullName":"Native merge change spans discards unknown content and accepts an explicit retry after restart","status":"passed","title":"discards unknown content and accepts an explicit retry after restart","duration":12.851499999999987,"failureMessages":[],"location":{"line":41,"column":3},"meta":{},"tags":[],"benchmarks":[]},{"ancestorTitles":["Native merge change spans"],"fullName":"Native merge change spans accepts a Mask without Footage and emits undefined for the removed tail","status":"passed","title":"accepts a Mask without Footage and emits undefined for the removed tail","duration":3.386700000000019,"failureMessages":[],"location":{"line":56,"column":3},"meta":{},"tags":[],"benchmarks":[]},{"ancestorTitles":["Native merge change spans"],"fullName":"Native merge change spans does not materialize unchanged values after a removal","status":"passed","title":"does not materialize unchanged values after a removal","duration":1.5235000000000127,"failureMessages":[],"location":{"line":69,"column":3},"meta":{},"tags":[],"benchmarks":[]},{"ancestorTitles":["Native merge change spans"],"fullName":"Native merge change spans copies large incoming Footage without a spread-argument limit","status":"passed","title":"copies large incoming Footage without a spread-argument limit","duration":485.5005,"failureMessages":[],"location":{"line":79,"column":3},"meta":{},"tags":[],"benchmarks":[]},{"ancestorTitles":["Native merge change spans"],"fullName":"Native merge change spans rejects non-uint32 metadata before transfer and missing content natively","status":"passed","title":"rejects non-uint32 metadata before transfer and missing content natively","duration":0.8550000000000182,"failureMessages":[],"location":{"line":107,"column":3},"meta":{},"tags":[],"benchmarks":[]},{"ancestorTitles":["Native merge change spans"],"fullName":"Native merge change spans bounds the copy when incoming Footage aliases the local array","status":"passed","title":"bounds the copy when incoming Footage aliases the local array","duration":0.9834999999998217,"failureMessages":[],"location":{"line":118,"column":3},"meta":{},"tags":[],"benchmarks":[]},{"ancestorTitles":["Native multi-actor compaction agreement"],"fullName":"Native multi-actor compaction agreement rejects a differing frontier 1 instead of selecting a minimum","status":"passed","title":"rejects a differing frontier 1 instead of selecting a minimum","duration":4.608799999999974,"failureMessages":[],"location":{"line":127,"column":18},"meta":{},"tags":[],"benchmarks":[]},{"ancestorTitles":["Native multi-actor compaction agreement"],"fullName":"Native multi-actor compaction agreement rejects a differing frontier 3 instead of selecting a minimum","status":"passed","title":"rejects a differing frontier 3 instead of selecting a minimum","duration":0.7850000000000819,"failureMessages":[],"location":{"line":127,"column":18},"meta":{},"tags":[],"benchmarks":[]},{"ancestorTitles":["Native multi-actor compaction agreement"],"fullName":"Native multi-actor compaction agreement requires every actor and accepts reordered exact common Realms","status":"passed","title":"requires every actor and accepts reordered exact common Realms","duration":1.6076000000000477,"failureMessages":[],"location":{"line":144,"column":3},"meta":{},"tags":[],"benchmarks":[]}],"startTime":1789284282174,"endTime":1789284282731.6077,"status":"passed","message":"","name":"C:/Users/jorts/sequencer/test/unit/merge_spans.test.ts"},{"assertionResults":[{"ancestorTitles":[],"fullName":"preserves navigation through head growth and repeated masking","status":"failed","title":"preserves navigation through head growth and repeated masking","duration":1366.1396,"failureMessages":["AssertionError: expected [ +0, 4111, 4126, 4141, 4156, …(4092) ] to deeply equal [ +0, 4094, 4096, 4111, 4126, …(6140) ]\n    at C:/Users/jorts/sequencer/test/unit/navigation.test.ts:47:18\n    at file:///C:/Users/jorts/sequencer/node_modules/vitest/dist/chunks/run.CQOUYP-x.js:1628:35\n    at file:///C:/Users/jorts/sequencer/node_modules/vitest/dist/chunks/run.CQOUYP-x.js:2783:26\n    at file:///C:/Users/jorts/sequencer/node_modules/vitest/dist/chunks/run.CQOUYP-x.js:3319:20\n    at new Promise (<anonymous>)\n    at runWithCancel (file:///C:/Users/jorts/sequencer/node_modules/vitest/dist/chunks/run.CQOUYP-x.js:3314:10)\n    at file:///C:/Users/jorts/sequencer/node_modules/vitest/dist/chunks/run.CQOUYP-x.js:3299:20\n    at new Promise (<anonymous>)\n    at runWithTimeout (file:///C:/Users/jorts/sequencer/node_modules/vitest/dist/chunks/run.CQOUYP-x.js:3257:10)\n    at file:///C:/Users/jorts/sequencer/node_modules/vitest/dist/chunks/run.CQOUYP-x.js:3876:64"],"location":{"line":14,"column":1},"meta":{},"tags":[],"benchmarks":[]}],"startTime":1789284268484,"endTime":1789284269850.1396,"status":"failed","message":"","name":"C:/Users/jorts/sequencer/test/unit/navigation.test.ts"},{"assertionResults":[{"ancestorTitles":["Dependency-ordered Delta contract"],"fullName":"Dependency-ordered Delta contract does not read the accepted Footage back frame by frame to materialize a Change","status":"failed","title":"does not read the accepted Footage back frame by frame to materialize a Change","duration":38.353399999999965,"failureMessages":["AssertionError: expected 4 to be +0 // Object.is equality\n    at C:/Users/jorts/sequencer/test/unit/ordered_delta.test.ts:51:25\n    at file:///C:/Users/jorts/sequencer/node_modules/vitest/dist/chunks/run.CQOUYP-x.js:1628:35\n    at file:///C:/Users/jorts/sequencer/node_modules/vitest/dist/chunks/run.CQOUYP-x.js:2783:26\n    at file:///C:/Users/jorts/sequencer/node_modules/vitest/dist/chunks/run.CQOUYP-x.js:3319:20\n    at new Promise (<anonymous>)\n    at runWithCancel (file:///C:/Users/jorts/sequencer/node_modules/vitest/dist/chunks/run.CQOUYP-x.js:3314:10)\n    at file:///C:/Users/jorts/sequencer/node_modules/vitest/dist/chunks/run.CQOUYP-x.js:3299:20\n    at new Promise (<anonymous>)\n    at runWithTimeout (file:///C:/Users/jorts/sequencer/node_modules/vitest/dist/chunks/run.CQOUYP-x.js:3257:10)\n    at file:///C:/Users/jorts/sequencer/node_modules/vitest/dist/chunks/run.CQOUYP-x.js:3876:64"],"location":{"line":40,"column":3},"meta":{},"tags":[],"benchmarks":[]},{"ancestorTitles":["Dependency-ordered Delta contract"],"fullName":"Dependency-ordered Delta contract stops at a later missing dependency without searching the remaining rows","status":"passed","title":"stops at a later missing dependency without searching the remaining rows","duration":9.11710000000005,"failureMessages":[],"location":{"line":54,"column":3},"meta":{},"tags":[],"benchmarks":[]},{"ancestorTitles":["Dependency-ordered Delta contract"],"fullName":"Dependency-ordered Delta contract rejects non-operation type 3 without retaining state","status":"passed","title":"rejects non-operation type 3 without retaining state","duration":0.9846000000000004,"failureMessages":[],"location":{"line":69,"column":40},"meta":{},"tags":[],"benchmarks":[]},{"ancestorTitles":["Dependency-ordered Delta contract"],"fullName":"Dependency-ordered Delta contract rejects non-operation type 4 without retaining state","status":"passed","title":"rejects non-operation type 4 without retaining state","duration":0.6096999999999753,"failureMessages":[],"location":{"line":69,"column":40},"meta":{},"tags":[],"benchmarks":[]},{"ancestorTitles":["Dependency-ordered Delta contract"],"fullName":"Dependency-ordered Delta contract rejects non-operation type 5 without retaining state","status":"passed","title":"rejects non-operation type 5 without retaining state","duration":0.5312999999999874,"failureMessages":[],"location":{"line":69,"column":40},"meta":{},"tags":[],"benchmarks":[]},{"ancestorTitles":["Dependency-ordered Delta contract"],"fullName":"Dependency-ordered Delta contract rejects non-operation type 6 without retaining state","status":"passed","title":"rejects non-operation type 6 without retaining state","duration":0.4962000000000444,"failureMessages":[],"location":{"line":69,"column":40},"meta":{},"tags":[],"benchmarks":[]},{"ancestorTitles":["Dependency-ordered Delta contract"],"fullName":"Dependency-ordered Delta contract rejects non-operation type 7 without retaining state","status":"passed","title":"rejects non-operation type 7 without retaining state","duration":0.5595999999999322,"failureMessages":[],"location":{"line":69,"column":40},"meta":{},"tags":[],"benchmarks":[]},{"ancestorTitles":["Dependency-ordered Delta contract"],"fullName":"Dependency-ordered Delta contract rejects non-operation type 22 without retaining state","status":"passed","title":"rejects non-operation type 22 without retaining state","duration":0.7515000000000782,"failureMessages":[],"location":{"line":69,"column":40},"meta":{},"tags":[],"benchmarks":[]},{"ancestorTitles":["Dependency-ordered Delta contract"],"fullName":"Dependency-ordered Delta contract rejects non-operation type 23 without retaining state","status":"passed","title":"rejects non-operation type 23 without retaining state","duration":0.744600000000105,"failureMessages":[],"location":{"line":69,"column":40},"meta":{},"tags":[],"benchmarks":[]},{"ancestorTitles":["Dependency-ordered Delta contract"],"fullName":"Dependency-ordered Delta contract rejects non-operation type 255 without retaining state","status":"passed","title":"rejects non-operation type 255 without retaining state","duration":0.5000999999999749,"failureMessages":[],"location":{"line":69,"column":40},"meta":{},"tags":[],"benchmarks":[]},{"ancestorTitles":["Dependency-ordered Delta contract"],"fullName":"Dependency-ordered Delta contract emits only the inserted Strip spans in a 4-Frame source","status":"passed","title":"emits only the inserted Strip spans in a 4-Frame source","duration":2.7894000000000005,"failureMessages":[],"location":{"line":81,"column":22},"meta":{},"tags":[],"benchmarks":[]},{"ancestorTitles":["Dependency-ordered Delta contract"],"fullName":"Dependency-ordered Delta contract emits only the inserted Strip spans in a 65536-Frame source","status":"passed","title":"emits only the inserted Strip spans in a 65536-Frame source","duration":23.329399999999964,"failureMessages":[],"location":{"line":81,"column":22},"meta":{},"tags":[],"benchmarks":[]},{"ancestorTitles":["Dependency-ordered Delta contract"],"fullName":"Dependency-ordered Delta contract emits only the Mask and insert ranges for an equal-length replacement","status":"passed","title":"emits only the Mask and insert ranges for an equal-length replacement","duration":2.9105999999999312,"failureMessages":[],"location":{"line":98,"column":3},"meta":{},"tags":[],"benchmarks":[]},{"ancestorTitles":["Dependency-ordered Delta contract"],"fullName":"Dependency-ordered Delta contract keeps separate Mask spans when unrelated insertions separate its source fragments","status":"failed","title":"keeps separate Mask spans when unrelated insertions separate its source fragments","duration":12.060999999999922,"failureMessages":["AssertionError: expected [ [ +0, 4294967295, 5, 1 ] ] to deeply equal [ [ +0, 4294967295, 2, 1 ], …(2) ]\n    at C:/Users/jorts/sequencer/test/unit/ordered_delta.test.ts:126:20\n    at file:///C:/Users/jorts/sequencer/node_modules/vitest/dist/chunks/run.CQOUYP-x.js:1628:35\n    at file:///C:/Users/jorts/sequencer/node_modules/vitest/dist/chunks/run.CQOUYP-x.js:2783:26\n    at file:///C:/Users/jorts/sequencer/node_modules/vitest/dist/chunks/run.CQOUYP-x.js:3319:20\n    at new Promise (<anonymous>)\n    at runWithCancel (file:///C:/Users/jorts/sequencer/node_modules/vitest/dist/chunks/run.CQOUYP-x.js:3314:10)\n    at file:///C:/Users/jorts/sequencer/node_modules/vitest/dist/chunks/run.CQOUYP-x.js:3299:20\n    at new Promise (<anonymous>)\n    at runWithTimeout (file:///C:/Users/jorts/sequencer/node_modules/vitest/dist/chunks/run.CQOUYP-x.js:3257:10)\n    at file:///C:/Users/jorts/sequencer/node_modules/vitest/dist/chunks/run.CQOUYP-x.js:3876:64"],"location":{"line":113,"column":3},"meta":{},"tags":[],"benchmarks":[]}],"startTime":1789284275996,"endTime":1789284276091.061,"status":"failed","message":"","name":"C:/Users/jorts/sequencer/test/unit/ordered_delta.test.ts"},{"assertionResults":[{"ancestorTitles":["Projection read adapters"],"fullName":"Projection read adapters reads length from the tuple identifier","status":"passed","title":"reads length from the tuple identifier","duration":18.16089999999997,"failureMessages":[],"location":{"line":51,"column":3},"meta":{},"tags":[],"benchmarks":[]},{"ancestorTitles":["Projection read adapters"],"fullName":"Projection read adapters maps a visible frame through native Find without copying its value","status":"passed","title":"maps a visible frame through native Find without copying its value","duration":3.277500000000032,"failureMessages":[],"location":{"line":56,"column":3},"meta":{},"tags":[],"benchmarks":[]},{"ancestorTitles":["Projection read adapters"],"fullName":"Projection read adapters decodes four-word spans in Projection rather than Footage order","status":"passed","title":"decodes four-word spans in Projection rather than Footage order","duration":3.806799999999953,"failureMessages":[],"location":{"line":65,"column":3},"meta":{},"tags":[],"benchmarks":[]},{"ancestorTitles":["Projection read adapters"],"fullName":"Projection read adapters reads clipped boundary spans with a nonzero Projection start","status":"passed","title":"reads clipped boundary spans with a nonzero Projection start","duration":1.2508000000000266,"failureMessages":[],"location":{"line":80,"column":3},"meta":{},"tags":[],"benchmarks":[]},{"ancestorTitles":["Projection read adapters"],"fullName":"Projection read adapters delegates empty range [1, 1) to native read","status":"passed","title":"delegates empty range [1, 1) to native read","duration":1.1437000000000808,"failureMessages":[],"location":{"line":92,"column":5},"meta":{},"tags":[],"benchmarks":[]},{"ancestorTitles":["Projection read adapters"],"fullName":"Projection read adapters delegates empty range [6, 6) to native read","status":"passed","title":"delegates empty range [6, 6) to native read","duration":0.7828999999999269,"failureMessages":[],"location":{"line":92,"column":5},"meta":{},"tags":[],"benchmarks":[]},{"ancestorTitles":["Projection read adapters"],"fullName":"Projection read adapters reads the replaced heap after native allocation","status":"passed","title":"reads the replaced heap after native allocation","duration":1.7068000000000438,"failureMessages":[],"location":{"line":99,"column":3},"meta":{},"tags":[],"benchmarks":[]},{"ancestorTitles":["Projection read adapters"],"fullName":"Projection read adapters reads an empty Projection range","status":"passed","title":"reads an empty Projection range","duration":2.154899999999998,"failureMessages":[],"location":{"line":109,"column":3},"meta":{},"tags":[],"benchmarks":[]}],"startTime":1789284294665,"endTime":1789284294698.1548,"status":"passed","message":"","name":"C:/Users/jorts/sequencer/test/unit/read_adapter.test.ts"},{"assertionResults":[{"ancestorTitles":["Local removal transfer"],"fullName":"Local removal transfer masks each bounded Strip at the same visible start and packs flat words","status":"passed","title":"masks each bounded Strip at the same visible start and packs flat words","duration":22.16300000000001,"failureMessages":[],"location":{"line":54,"column":3},"meta":{},"tags":[],"benchmarks":[]},{"ancestorTitles":["Local removal transfer"],"fullName":"Local removal transfer hard deletion releases only accepted spans at stable Footage indexes","status":"passed","title":"hard deletion releases only accepted spans at stable Footage indexes","duration":2.984299999999962,"failureMessages":[],"location":{"line":68,"column":3},"meta":{},"tags":[],"benchmarks":[]},{"ancestorTitles":["Local removal transfer"],"fullName":"Local removal transfer defaults the end to the visible length, not the Footage length","status":"passed","title":"defaults the end to the visible length, not the Footage length","duration":2.0534000000000106,"failureMessages":[],"location":{"line":80,"column":3},"meta":{},"tags":[],"benchmarks":[]},{"ancestorTitles":["Local removal transfer"],"fullName":"Local removal transfer defaults the start to zero","status":"passed","title":"defaults the start to zero","duration":2.240000000000009,"failureMessages":[],"location":{"line":91,"column":3},"meta":{},"tags":[],"benchmarks":[]},{"ancestorTitles":["Local removal transfer"],"fullName":"Local removal transfer does not issue an empty range [3, 3)","status":"passed","title":"does not issue an empty range [3, 3)","duration":4.0651000000000295,"failureMessages":[],"location":{"line":106,"column":5},"meta":{},"tags":[],"benchmarks":[]},{"ancestorTitles":["Local removal transfer"],"fullName":"Local removal transfer does not issue an empty range [5, 5)","status":"passed","title":"does not issue an empty range [5, 5)","duration":0.8652999999999338,"failureMessages":[],"location":{"line":106,"column":5},"meta":{},"tags":[],"benchmarks":[]},{"ancestorTitles":["Local removal transfer"],"fullName":"Local removal transfer rejects an empty Projection","status":"passed","title":"rejects an empty Projection","duration":0.8039999999999736,"failureMessages":[],"location":{"line":113,"column":3},"meta":{},"tags":[],"benchmarks":[]},{"ancestorTitles":["Local removal transfer"],"fullName":"Local removal transfer does not release Footage or consume outputs for rejected issuance","status":"passed","title":"does not release Footage or consume outputs for rejected issuance","duration":1.382099999999923,"failureMessages":[],"location":{"line":119,"column":3},"meta":{},"tags":[],"benchmarks":[]},{"ancestorTitles":["Local removal transfer"],"fullName":"Local removal transfer returns the accepted prefix if later issuance is rejected","status":"passed","title":"returns the accepted prefix if later issuance is rejected","duration":2.4079000000000406,"failureMessages":[],"location":{"line":127,"column":3},"meta":{},"tags":[],"benchmarks":[]},{"ancestorTitles":["Local removal transfer"],"fullName":"Local removal transfer reacquires the heap after native growth between operations","status":"passed","title":"reacquires the heap after native growth between operations","duration":1.4429000000000087,"failureMessages":[],"location":{"line":141,"column":3},"meta":{},"tags":[],"benchmarks":[]}],"startTime":1789284290091,"endTime":1789284290132.4429,"status":"passed","message":"","name":"C:/Users/jorts/sequencer/test/unit/remove_adapter.test.ts"},{"assertionResults":[{"ancestorTitles":["Replacement Delta composition"],"fullName":"Replacement Delta composition combines flat Projection words and Footage into exactly two lanes","status":"passed","title":"combines flat Projection words and Footage into exactly two lanes","duration":18.773300000000063,"failureMessages":[],"location":{"line":32,"column":3},"meta":{},"tags":[],"benchmarks":[]},{"ancestorTitles":["Replacement Delta composition"],"fullName":"Replacement Delta composition forwards hard=false only to deletion","status":"passed","title":"forwards hard=false only to deletion","duration":0.8533999999999651,"failureMessages":[],"location":{"line":54,"column":25},"meta":{},"tags":[],"benchmarks":[]},{"ancestorTitles":["Replacement Delta composition"],"fullName":"Replacement Delta composition forwards hard=true only to deletion","status":"passed","title":"forwards hard=true only to deletion","duration":0.5822000000000571,"failureMessages":[],"location":{"line":54,"column":25},"meta":{},"tags":[],"benchmarks":[]},{"ancestorTitles":["Replacement Delta composition"],"fullName":"Replacement Delta composition preserves both operations and transfers only insertion Footage","status":"passed","title":"preserves both operations and transfers only insertion Footage","duration":3.2294999999999163,"failureMessages":[],"location":{"line":63,"column":3},"meta":{},"tags":[],"benchmarks":[]},{"ancestorTitles":["Replacement Delta composition"],"fullName":"Replacement Delta composition does not insert when deletion rejects the range","status":"passed","title":"does not insert when deletion rejects the range","duration":2.1602000000000317,"failureMessages":[],"location":{"line":78,"column":3},"meta":{},"tags":[],"benchmarks":[]},{"ancestorTitles":["Replacement Delta composition"],"fullName":"Replacement Delta composition returns the accepted deletion when insertion is rejected","status":"passed","title":"returns the accepted deletion when insertion is rejected","duration":0.9583999999999833,"failureMessages":[],"location":{"line":85,"column":3},"meta":{},"tags":[],"benchmarks":[]},{"ancestorTitles":["Replacement Delta composition"],"fullName":"Replacement Delta composition passes aliased Footage directly without preserving released slots","status":"passed","title":"passes aliased Footage directly without preserving released slots","duration":1.6055000000000064,"failureMessages":[],"location":{"line":90,"column":3},"meta":{},"tags":[],"benchmarks":[]},{"ancestorTitles":["Replacement Delta composition"],"fullName":"Replacement Delta composition does not copy unaliased values before delegating to insertion","status":"passed","title":"does not copy unaliased values before delegating to insertion","duration":1.5734999999999673,"failureMessages":[],"location":{"line":102,"column":3},"meta":{},"tags":[],"benchmarks":[]},{"ancestorTitles":["Replacement Delta composition"],"fullName":"Replacement Delta composition combines large flat buffers without variadic calls","status":"passed","title":"combines large flat buffers without variadic calls","duration":60.84640000000002,"failureMessages":[],"location":{"line":108,"column":3},"meta":{},"tags":[],"benchmarks":[]}],"startTime":1789284284738,"endTime":1789284284828.8464,"status":"passed","message":"","name":"C:/Users/jorts/sequencer/test/unit/replace_adapter.test.ts"},{"assertionResults":[{"ancestorTitles":["Snapshot buffer transfer"],"fullName":"Snapshot buffer transfer copies both buffers in one native snapshot, including soft-masked content","status":"passed","title":"copies both buffers in one native snapshot, including soft-masked content","duration":38.662199999999984,"failureMessages":[],"location":{"line":84,"column":3},"meta":{},"tags":[],"benchmarks":[]},{"ancestorTitles":["Snapshot buffer transfer"],"fullName":"Snapshot buffer transfer keeps released slots without dropping adjacent retained content","status":"passed","title":"keeps released slots without dropping adjacent retained content","duration":2.8657000000000608,"failureMessages":[],"location":{"line":103,"column":3},"meta":{},"tags":[],"benchmarks":[]},{"ancestorTitles":["Snapshot buffer transfer"],"fullName":"Snapshot buffer transfer reacquires both buffers after native memory growth","status":"passed","title":"reacquires both buffers after native memory growth","duration":2.927000000000021,"failureMessages":[],"location":{"line":121,"column":3},"meta":{},"tags":[],"benchmarks":[]},{"ancestorTitles":["Snapshot buffer transfer"],"fullName":"Snapshot buffer transfer returns independent empty arrays after an earlier nonempty snapshot","status":"passed","title":"returns independent empty arrays after an earlier nonempty snapshot","duration":6.4506000000000085,"failureMessages":[],"location":{"line":135,"column":3},"meta":{},"tags":[],"benchmarks":[]}],"startTime":1789284293577,"endTime":1789284293628.4507,"status":"passed","message":"","name":"C:/Users/jorts/sequencer/test/unit/snapshot_adapter.test.ts"},{"assertionResults":[{"ancestorTitles":["Immutable issued identities"],"fullName":"Immutable issued identities keeps insert coordinates across concurrent splits, reverse=false","status":"passed","title":"keeps insert coordinates across concurrent splits, reverse=false","duration":25.291900000000055,"failureMessages":[],"location":{"line":25,"column":25},"meta":{},"tags":[],"benchmarks":[]},{"ancestorTitles":["Immutable issued identities"],"fullName":"Immutable issued identities keeps insert coordinates across concurrent splits, reverse=true","status":"passed","title":"keeps insert coordinates across concurrent splits, reverse=true","duration":2.9301000000000386,"failureMessages":[],"location":{"line":25,"column":25},"meta":{},"tags":[],"benchmarks":[]},{"ancestorTitles":["Immutable issued identities"],"fullName":"Immutable issued identities preserves local insertion order at an existing split boundary","status":"passed","title":"preserves local insertion order at an existing split boundary","duration":2.2397000000000844,"failureMessages":[],"location":{"line":50,"column":3},"meta":{},"tags":[],"benchmarks":[]},{"ancestorTitles":["Immutable issued identities"],"fullName":"Immutable issued identities does not consume issued points when creating structural fragments","status":"passed","title
[...]
s\\sequencer\\src\\typescript\\algorithms\\merge\\index.ts":{"path":"C:\\Users\\jorts\\sequencer\\src\\typescript\\algorithms\\merge\\index.ts","statementMap":{"0":{"start":{"line":25,"column":2},"end":{"line":25,"column":null}},"1":{"start":{"line":25,"column":26},"end":{"line":25,"column":null}},"2":{"start":{"line":27,"column":32},"end":{"line":27,"column":null}},"3":{"start":{"line":29,"column":22},"end":{"line":29,"column":null}},"4":{"start":{"line":30,"column":16},"end":{"line":35,"column":null}},"5":{"start":{"line":36,"column":2},"end":{"line":36,"column":null}},"6":{"start":{"line":36,"column":14},"end":{"line":36,"column":null}},"7":{"start":{"line":38,"column":28},"end":{"line":38,"column":null}},"8":{"start":{"line":39,"column":16},"end":{"line":39,"column":null}},"9":{"start":{"line":40,"column":2},"end":{"line":54,"column":null}},"10":{"start":{"line":40,"column":18},"end":{"line":40,"column":21}},"11":{"start":{"line":41,"column":29},"end":{"line":41,"column":null}},"12":{"start":{"line":42,"column":26},"end":{"line":42,"column":null}},"13":{"start":{"line":43,"column":4},"end":{"line":49,"column":null}},"14":{"start":{"line":44,"column":20},"end":{"line":44,"column":null}},"15":{"start":{"line":45,"column":6},"end":{"line":45,"column":null}},"16":{"start":{"line":46,"column":6},"end":{"line":47,"column":null}},"17":{"start":{"line":46,"column":23},"end":{"line":46,"column":26}},"18":{"start":{"line":47,"column":8},"end":{"line":47,"column":null}},"19":{"start":{"line":48,"column":6},"end":{"line":48,"column":null}},"20":{"start":{"line":50,"column":4},"end":{"line":50,"column":null}},"21":{"start":{"line":51,"column":4},"end":{"line":53,"column":null}},"22":{"start":{"line":51,"column":21},"end":{"line":51,"column":24}},"23":{"start":{"line":52,"column":6},"end":{"line":53,"column":null}},"24":{"start":{"line":55,"column":2},"end":{"line":55,"column":null}},"25":{"start":{"line":56,"column":2},"end":{"line":56,"column":null}}},"fnMap":{"0":{"name":"merge","decl":{"start":{"line":24,"column":16},"end":{"line":24,"column":25}},"loc":{"start":{"line":24,"column":78},"end":{"line":57,"column":null}},"line":24}},"branchMap":{"0":{"loc":{"start":{"line":25,"column":2},"end":{"line":25,"column":null}},"type":"if","locations":[{"start":{"line":25,"column":2},"end":{"line":25,"column":null}},{"start":{},"end":{}}],"line":25},"1":{"loc":{"start":{"line":29,"column":22},"end":{"line":29,"column":null}},"type":"binary-expr","locations":[{"start":{"line":29,"column":22},"end":{"line":29,"column":41}},{"start":{"line":29,"column":41},"end":{"line":29,"column":null}}],"line":29},"2":{"loc":{"start":{"line":36,"column":2},"end":{"line":36,"column":null}},"type":"if","locations":[{"start":{"line":36,"column":2},"end":{"line":36,"column":null}},{"start":{},"end":{}}],"line":36},"3":{"loc":{"start":{"line":43,"column":4},"end":{"line":49,"column":null}},"type":"if","locations":[{"start":{"line":43,"column":4},"end":{"line":49,"column":null}},{"start":{},"end":{}}],"line":43},"4":{"loc":{"start":{"line":53,"column":8},"end":{"line":53,"column":null}},"type":"cond-expr","locations":[{"start":{"line":53,"column":32},"end":{"line":53,"column":66}},{"start":{"line":53,"column":66},"end":{"line":53,"column":null}}],"line":53},"5":{"loc":{"start":{"line":56,"column":9},"end":{"line":56,"column":null}},"type":"cond-expr","locations":[{"start":{"line":56,"column":19},"end":{"line":56,"column":28}},{"start":{"line":56,"column":28},"end":{"line":56,"column":null}}],"line":56}},"s":{"0":199,"1":4,"2":195,"3":195,"4":199,"5":199,"6":63,"7":132,"8":132,"9":132,"10":132,"11":236,"12":236,"13":236,"14":93,"15":93,"16":93,"17":93,"18":265752,"19":93,"20":143,"21":143,"22":143,"23":265824,"24":132,"25":132},"f":{"0":199},"b":{"0":[4,195],"1":[195,37],"2":[63,136],"3":[93,143],"4":[265752,72],"5":[132,0]},"meta":{"lastBranch":6,"lastFunction":1,"lastStatement":26,"seen":{"f:24:16:24:25":0,"b:25:2:25:Infinity:undefined:undefined:undefined:undefined":0,"s:25:2:25:Infinity":0,"s:25:26:25:Infinity":1,"s:27:32:27:Infinity":2,"s:29:22:29:Infinity":3,"b:29:22:29:41:29:41:29:Infinity":1,"s:30:16:35:Infinity":4,"b:36:2:36:Infinity:undefined:undefined:undefined:undefined":2,"s:36:2:36:Infinity":5,"s:36:14:36:Infinity":6,"s:38:28:38:Infinity":7,"s:39:16:39:Infinity":8,"s:40:2:54:Infinity":9,"s:40:18:40:21":10,"s:41:29:41:Infinity":11,"s:42:26:42:Infinity":12,"b:43:4:49:Infinity:undefined:undefined:undefined:undefined":3,"s:43:4:49:Infinity":13,"s:44:20:44:Infinity":14,"s:45:6:45:Infinity":15,"s:46:6:47:Infinity":16,"s:46:23:46:26":17,"s:47:8:47:Infinity":18,"s:48:6:48:Infinity":19,"s:50:4:50:Infinity":20,"s:51:4:53:Infinity":21,"s:51:21:51:24":22,"s:52:6:53:Infinity":23,"b:53:32:53:66:53:66:53:Infinity":4,"s:55:2:55:Infinity":24,"s:56:2:56:Infinity":25,"b:56:19:56:28:56:28:56:Infinity":5},"fnNames":{}}},"C:\\Users\\jorts\\sequencer\\src\\typescript\\algorithms\\length\\index.ts":{"path":"C:\\Users\\jorts\\sequencer\\src\\typescript\\algorithms\\length\\index.ts","statementMap":{"0":{"start":{"line":19,"column":2},"end":{"line":19,"column":null}}},"fnMap":{"0":{"name":"length","decl":{"start":{"line":17,"column":16},"end":{"line":17,"column":26}},"loc":{"start":{"line":17,"column":53},"end":{"line":20,"column":null}},"line":17}},"branchMap":{},"s":{"0":24},"f":{"0":24},"b":{},"meta":{"lastBranch":0,"lastFunction":1,"lastStatement":1,"seen":{"f:17:16:17:26":0,"s:19:2:19:Infinity":0},"fnNames":{}}},"C:\\Users\\jorts\\sequencer\\src\\typescript\\algorithms\\recover\\index.ts":{"path":"C:\\Users\\jorts\\sequencer\\src\\typescript\\algorithms\\recover\\index.ts","statementMap":{"0":{"start":{"line":26,"column":24},"end":{"line":26,"column":null}},"1":{"start":{"line":27,"column":2},"end":{"line":27,"column":null}},"2":{"start":{"line":27,"column":22},"end":{"line":27,"column":null}},"3":{"start":{"line":29,"column":17},"end":{"line":29,"column":null}},"4":{"start":{"line":30,"column":20},"end":{"line":30,"column":null}},"5":{"start":{"line":32,"column":2},"end":{"line":40,"column":null}},"6":{"start":{"line":32,"column":24},"end":{"line":32,"column":27}},"7":{"start":{"line":33,"column":32},"end":{"line":33,"column":null}},"8":{"start":{"line":35,"column":6},"end":{"line":35,"column":null}},"9":{"start":{"line":36,"column":4},"end":{"line":39,"column":null}},"10":{"start":{"line":36,"column":21},"end":{"line":36,"column":42}},"11":{"start":{"line":37,"column":20},"end":{"line":37,"column":null}},"12":{"start":{"line":38,"column":6},"end":{"line":38,"column":null}},"13":{"start":{"line":38,"column":31},"end":{"line":38,"column":null}},"14":{"start":{"line":42,"column":2},"end":{"line":42,"column":null}},"15":{"start":{"line":43,"column":2},"end":{"line":43,"column":null}},"16":{"start":{"line":44,"column":2},"end":{"line":44,"column":null}}},"fnMap":{"0":{"name":"recover","decl":{"start":{"line":25,"column":16},"end":{"line":25,"column":27}},"loc":{"start":{"line":25,"column":56},"end":{"line":45,"column":null}},"line":25}},"branchMap":{"0":{"loc":{"start":{"line":27,"column":2},"end":{"line":27,"column":null}},"type":"if","locations":[{"start":{"line":27,"column":2},"end":{"line":27,"column":null}},{"start":{},"end":{}}],"line":27},"1":{"loc":{"start":{"line":38,"column":6},"end":{"line":38,"column":null}},"type":"if","locations":[{"start":{"line":38,"column":6},"end":{"line":38,"column":null}},{"start":{},"end":{}}],"line":38}},"s":{"0":39,"1":39,"2":3,"3":36,"4":36,"5":36,"6":36,"7":281,"8":281,"9":281,"10":281,"11":556,"12":556,"13":555,"14":36,"15":36,"16":36},"f":{"0":39},"b":{"0":[3,36],"1":[555,1]},"meta":{"lastBranch":2,"lastFunction":1,"lastStatement":17,"seen":{"f:25:16:25:27":0,"s:26:24:26:Infinity":0,"b:27:2:27:Infinity:undefined:undefined:undefined:undefined":0,"s:27:2:27:Infinity":1,"s:27:22:27:Infinity":2,"s:29:17:29:Infinity":3,"s:30:20:30:Infinity":4,"s:32:2:40:Infinity":5,"s:32:24:32:27":6,"s:33:32:33:Infinity":7,"s:35:6:35:Infinity":8,"s:36:4:39:Infinity":9,"s:36:21:36:42":10,"s:37:20:37:Infinity":11,"b:38:6:38:Infinity:undefined:undefined:undefined:undefined":1,"s:38:6:38:Infinity":12,"s:38:31:38:Infinity":13,"s:42:2:42:Infinity":14,"s:43:2:43:Infinity":15,"s:44:2:44:Infinity":16},"fnNames":{}}},"C:\\Users\\jorts\\sequencer\\src\\typescript\\algorithms\\find\\index.ts":{"path":"C:\\Users\\jorts\\sequencer\\src\\typescript\\algorithms\\find\\index.ts","statementMap":{"0":{"start":{"line":22,"column":2},"end":{"line":22,"column":null}}},"fnMap":{"0":{"name":"find","decl":{"start":{"line":20,"column":16},"end":{"line":20,"column":24}},"loc":{"start":{"line":20,"column":73},"end":{"line":23,"column":null}},"line":20}},"branchMap":{"0":{"loc":{"start":{"line":22,"column":9},"end":{"line":22,"column":null}},"type":"binary-expr","locations":[{"start":{"line":22,"column":9},"end":{"line":22,"column":63}},{"start":{"line":22,"column":63},"end":{"line":22,"column":null}}],"line":22}},"s":{"0":2116},"f":{"0":2116},"b":{"0":[2116,1]},"meta":{"lastBranch":1,"lastFunction":1,"lastStatement":1,"seen":{"f:20:16:20:24":0,"s:22:2:22:Infinity":0,"b:22:9:22:63:22:63:22:Infinity":0},"fnNames":{}}},"C:\\Users\\jorts\\sequencer\\src\\typescript\\algorithms\\remove\\index.ts":{"path":"C:\\Users\\jorts\\sequencer\\src\\typescript\\algorithms\\remove\\index.ts","statementMap":{"0":{"start":{"line":45,"column":29},"end":{"line":45,"column":null}},"1":{"start":{"line":47,"column":31},"end":{"line":47,"column":null}},"2":{"start":{"line":48,"column":30},"end":{"line":48,"column":null}},"3":{"start":{"line":50,"column":2},"end":{"line":76,"column":null}},"4":{"start":{"line":52,"column":6},"end":{"line":58,"column":null}},"5":{"start":{"line":59,"column":4},"end":{"line":59,"column":null}},"6":{"start":{"line":59,"column":48},"end":{"line":59,"column":null}},"7":{"start":{"line":61,"column":17},"end":{"line":61,"column":43}},"8":{"start":{"line":62,"column":29},"end":{"line":62,"column":null}},"9":{"start":{"line":63,"column":4},"end":{"line":63,"column":null}},"10":{"start":{"line":65,"column":4},"end":{"line":73,"column":null}},"11":{"start":{"line":66,"column":34},"end":{"line":66,"column":null}},"12":{"start":{"line":67,"column":6},"end":{"line":71,"column":null}},"13":{"start":{"line":72,"column":6},"end":{"line":72,"column":null}},"14":{"start":{"line":74,"column":4},"end":{"line":74,"column":null}},"15":{"start":{"line":75,"column":4},"end":{"line":75,"column":null}},"16":{"start":{"line":78,"column":2},"end":{"line":78,"column":null}}},"fnMap":{"0":{"name":"remove","decl":{"start":{"line":39,"column":16},"end":{"line":39,"column":null}},"loc":{"start":{"line":44,"column":20},"end":{"line":79,"column":null}},"line":44}},"branchMap":{"0":{"loc":{"start":{"line":41,"column":2},"end":{"line":41,"column":null}},"type":"default-arg","locations":[{"start":{"line":41,"column":16},"end":{"line":41,"column":null}}],"line":41},"1":{"loc":{"start":{"line":43,"column":2},"end":{"line":43,"column":null}},"type":"default-arg","locations":[{"start":{"line":43,"column":9},"end":{"line":43,"column":null}}],"line":43},"2":{"loc":{"start":{"line":45,"column":29},"end":{"line":45,"column":null}},"type":"binary-expr","locations":[{"start":{"line":45,"column":29},"end":{"line":45,"column":42}},{"start":{"line":45,"column":42},"end":{"line":45,"column":null}}],"line":45},"3":{"loc":{"start":{"line":59,"column":4},"end":{"line":59,"column":null}},"type":"if","locations":[{"start":{"line":59,"column":4},"end":{"line":59,"column":null}},{"start":{},"end":{}}],"line":59},"4":{"loc":{"start":{"line":65,"column":4},"end":{"line":73,"column":null}},"type":"if","locations":[{"start":{"line":65,"column":4},"end":{"line":73,"column":null}},{"start":{},"end":{}}],"line":65},"5":{"loc":{"start":{"line":78,"column":9},"end":{"line":78,"column":null}},"type":"cond-expr","locations":[{"start":{"line":78,"column":35},"end":{"line":78,"column":43}},{"start":{"line":78,"column":43},"end":{"line":78,"column":null}}],"line":78}},"s":{"0":2085,"1":2085,"2":2085,"3":2085,"4":2086,"5":2086,"6":2,"7":2084,"8":2084,"9":2084,"10":2084,"11":8,"12":8,"13":8,"14":2084,"15":2084,"16":2085},"f":{"0":2085},"b":{"0":[2085],"1":[2085],"2":[2085,4],"3":[2,2084],"4":[8,2076],"5":[5,2080]},"meta":{"lastBranch":6,"lastFunction":1,"lastStatement":17,"seen":{"f:39:16:39:Infinity":0,"b:41:16:41:Infinity":0,"b:43:9:43:Infinity":1,"s:45:29:45:Infinity":0,"b:45:29:45:42:45:42:45:Infinity":2,"s:47:31:47:Infinity":1,"s:48:30:48:Infinity":2,"s:50:2:76:Infinity":3,"s:52:6:58:Infinity":4,"b:59:4:59:Infinity:undefined:undefined:undefined:undefined":3,"s:59:4:59:Infinity":5,"s:59:48:59:Infinity":6,"s:61:17:61:43":7,"s:62:29:62:Infinity":8,"s:63:4:63:Infinity":9,"b:65:4:73:Infinity:undefined:undefined:undefined:undefined":4,"s:65:4:73:Infinity":10,"s:66:34:66:Infinity":11,"s:67:6:71:Infinity":12,"s:72:6:72:Infinity":13,"s:74:4:74:Infinity":14,"s:75:4:75:Infinity":15,"s:78:2:78:Infinity":16,"b:78:35:78:43:78:43:78:Infinity":5},"fnNames":{}}},"C:\\Users\\jorts\\sequencer\\src\\typescript\\algorithms\\replace\\index.ts":{"path":"C:\\Users\\jorts\\sequencer\\src\\typescript\\algorithms\\replace\\index.ts","statementMap":{"0":{"start":{"line":38,"column":16},"end":{"line":38,"column":null}},"1":{"start":{"line":40,"column":2},"end":{"line":40,"column":null}},"2":{"start":{"line":40,"column":14},"end":{"line":40,"column":null}},"3":{"start":{"line":42,"column":27},"end":{"line":42,"column":null}},"4":{"start":{"line":43,"column":2},"end":{"line":43,"column":null}},"5":{"start":{"line":43,"column":25},"end":{"line":43,"column":null}},"6":{"start":{"line":45,"column":2},"end":{"line":45,"column":null}}},"fnMap":{"0":{"name":"replace","decl":{"start":{"line":32,"column":16},"end":{"line":32,"column":null}},"loc":{"start":{"line":37,"column":20},"end":{"line":46,"column":null}},"line":37}},"branchMap":{"0":{"loc":{"start":{"line":36,"column":2},"end":{"line":36,"column":null}},"type":"default-arg","locations":[{"start":{"line":36,"column":9},"end":{"line":36,"column":null}}],"line":36},"1":{"loc":{"start":{"line":40,"column":2},"end":{"line":40,"column":null}},"type":"if","locations":[{"start":{"line":40,"column":2},"end":{"line":40,"column":null}},{"start":{},"end":{}}],"line":40},"2":{"loc":{"start":{"line":43,"column":2},"end":{"line":43,"column":null}},"type":"if","locations":[{"start":{"line":43,"column":2},"end":{"line":43,"column":null}},{"start":{},"end":{}}],"line":43}},"s":{"0":12,"1":12,"2":1,"3":11,"4":11,"5":1,"6":10},"f":{"0":12},"b":{"0":[12],"1":[1,11],"2":[1,10]},"meta":{"lastBranch":3,"lastFunction":1,"lastStatement":7,"seen":{"f:32:16:32:Infinity":0,"b:36:9:36:Infinity":0,"s:38:16:38:Infinity":0,"b:40:2:40:Infinity:undefined:undefined:undefined:undefined":1,"s:40:2:40:Infinity":1,"s:40:14:40:Infinity":2,"s:42:27:42:Infinity":3,"b:43:2:43:Infinity:undefined:undefined:undefined:undefined":2,"s:43:2:43:Infinity":4,"s:43:25:43:Infinity":5,"s:45:2:45:Infinity":6},"fnNames":{}}},"C:\\Users\\jorts\\sequencer\\src\\typescript\\algorithms\\snapshot\\index.ts":{"path":"C:\\Users\\jorts\\sequencer\\src\\typescript\\algorithms\\snapshot\\index.ts","statementMap":{"0":{"start":{"line":29,"column":2},"end":{"line":29,"column":null}},"1":{"start":{"line":30,"column":21},"end":{"line":30,"column":49}},"2":{"start":{"line":31,"column":17},"end":{"line":31,"column":36}},"3":{"start":{"line":32,"column":28},"end":{"line":32,"column":null}},"4":{"start":{"line":33,"column":21},"end":{"line":33,"column":null}},"5":{"start":{"line":34,"column":2},"end":{"line":43,"column":null}},"6":{"start":{"line":34,"column":24},"end":{"line":34,"column":27}},"7":{"start":{"line":35,"column":26},"end":{"line":35,"column":null}},"8":{"start":{"line":36,"column":24},"end":{"line":36,"column":null}},"9":{"start":{"line":37,"column":4},"end":{"line":42,"column":null}},"10":{"start":{"line":38,"column":26},"end":{"line":38,"column":null}},"11":{"start":{"line":42,"column":6},"end":{"line":42,"column":null}},"12":{"start":{"line":44,"column":2},"end":{"line":44,"column":null}},"13":{"start":{"line":45,"column":2},"end":{"line":45,"column":null}}},"fnMap":{"0":{"name":"snapshot","decl":{"start":{"line":28,"column":16},"end":{"line":28,"column":28}},"loc":{"start":{"line":28,"column":57},"end":{"line":46,"column":null}},"line":28}},"branchMap":{},"s":{"0":81,"1":81,"2":81,"3":81,"4":81,"5":81,"6":81,"7":7637,"8":7637,"9":7637,"10":7637,"11":10779,"12":81,"13":81},"f":{"0":81},"b":{},"meta":{"lastBranch":0,"lastFunction":1,"lastStatement":14,"seen":{"f:28:16:28:28":0,"s:29:2:29:Infinity":0,"s:30:21:30:49":1,"s:31:17:31:36":2,"s:32:28:32:Infinity":3,"s:33:21:33:Infinity":4,"s:34:2:43:Infinity":5,"s:34:24:34:27":6,"s:35:26:35:Infinity":7,"s:36:24:36:Infinity":8,"s:37:4:42:Infinity":9,"s:38:26:38:Infinity":10,"s:42:6:42:Infinity":11,"s:44:2:44:Infinity":12,"s:45:2:45:Infinity":13},"fnNames":{}}},"C:\\Users\\jorts\\sequencer\\src\\typescript\\algorithms\\values\\index.ts":{"path":"C:\\Users\\jorts\\sequencer\\src\\typescript\\algorithms\\values\\index.ts","statementMap":{"0":{"start":{"line":31,"column":20},"end":{"line":31,"column":null}},"1":{"start":{"line":33,"column":16},"end":{"line":33,"column":null}},"2":{"start":{"line":34,"column":2},"end":{"line":34,"column":null}},"3":{"start":{"line":34,"column":14},"end":{"line":34,"column":null}},"4":{"start":{"line":36,"column":17},"end":{"line":36,"column":null}},"5":{"start":{"line":37,"column":21},"end":{"line":37,"column":null}},"6":{"start":{"line":38,"column":2},"end":{"line":47,"column":null}},"7":{"start":{"line":38,"column":24},"end":{"line":38,"column":27}},"8":{"start":{"line":39,"column":26},"end":{"line":39,"column":null}},"9":{"start":{"line":40,"column":24},"end":{"line":40,"column":null}},"10":{"start":{"line":41,"column":4},"end":{"line":46,"column":null}},"11":{"start":{"line":42,"column":26},"end":{"line":42,"column":null}},"12":{"start":{"line":46,"column":6},"end":{"line":46,"column":null}},"13":{"start":{"line":48,"column":2},"end":{"line":48,"column":null}},"14":{"start":{"line":49,"column":2},"end":{"line":49,"column":null}}},"fnMap":{"0":{"name":"values","decl":{"start":{"line":26,"column":16},"end":{"line":26,"column":null}},"loc":{"start":{"line":30,"column":24},"end":{"line":50,"column":null}},"line":30}},"branchMap":{"0":{"loc":{"start":{"line":28,"column":2},"end":{"line":28,"column":null}},"type":"default-arg","locations":[{"start":{"line":28,"column":16},"end":{"line":28,"column":null}}],"line":28},"1":{"loc":{"start":{"line":31,"column":20},"end":{"line":31,"column":null}},"type":"binary-expr","locations":[{"start":{"line":31,"column":20},"end":{"line":31,"column":33}},{"start":{"line":31,"column":33},"end":{"line":31,"column":null}}],"line":31},"2":{"loc":{"start":{"line":34,"column":2},"end":{"line":34,"column":null}},"type":"if","locations":[{"start":{"line":34,"column":2},"end":{"line":34,"column":null}},{"start":{},"end":{}}],"line":34}},"s":{"0":134,"1":134,"2":134,"3":9,"4":125,"5":125,"6":125,"7":125,"8":43674,"9":43674,"10":43674,"11":43674,"12":243850,"13":125,"14":125},"f":{"0":134},"b":{"0":[134],"1":[134,129],"2":[9,125]},"meta":{"lastBranch":3,"lastFunction":1,"lastStatement":15,"seen":{"f:26:16:26:Infinity":0,"b:28:16:28:Infinity":0,"s:31:20:31:Infinity":0,"b:31:20:31:33:31:33:31:Infinity":1,"s:33:16:33:Infinity":1,"b:34:2:34:Infinity:undefined:undefined:undefined:undefined":2,"s:34:2:34:Infinity":2,"s:34:14:34:Infinity":3,"s:36:17:36:Infinity":4,"s:37:21:37:Infinity":5,"s:38:2:47:Infinity":6,"s:38:24:38:27":7,"s:39:26:39:Infinity":8,"s:40:24:40:Infinity":9,"s:41:4:46:Infinity":10,"s:42:26:42:Infinity":11,"s:46:6:46:Infinity":12,"s:48:2:48:Infinity":13,"s:49:2:49:Infinity":14},"fnNames":{}}},"C:\\Users\\jorts\\sequencer\\src\\typescript\\types\\type.ts":{"path":"C:\\Users\\jorts\\sequencer\\src\\typescript\\types\\type.ts","statementMap":{},"fnMap":{},"branchMap":{},"s":{},"f":{},"b":{},"meta":{"lastBranch":0,"lastFunction":0,"lastStatement":0,"seen":{},"fnNames":{}}}}}