{"numTotalTestSuites":2,"numPassedTestSuites":0,"numFailedTestSuites":2,"numPendingTestSuites":0,"numTotalTests":9,"numPassedTests":8,"numFailedTests":1,"numPendingTests":0,"numTodoTests":0,"snapshot":{"added":0,"failure":false,"filesAdded":0,"filesRemoved":0,"filesRemovedList":[],"filesUnmatched":0,"filesUpdated":0,"matched":0,"total":0,"unchecked":0,"uncheckedKeysByFile":[],"unmatched":0,"updated":0,"didUpdate":false},"startTime":1786478477086,"success":false,"testResults":[{"assertionResults":[{"ancestorTitles":["runtime CRUD"],"fullName":"runtime CRUD creates an empty Projection and validates read ranges","status":"passed","title":"creates an empty Projection and validates read ranges","duration":4.596199999999953,"failureMessages":[],"location":{"line":15,"column":3},"meta":{},"tags":[]},{"ancestorTitles":["runtime CRUD"],"fullName":"runtime CRUD inserts at the beginning, middle, and end","status":"passed","title":"inserts at the beginning, middle, and end","duration":5.576099999999997,"failureMessages":[],"location":{"line":26,"column":3},"meta":{},"tags":[]},{"ancestorTitles":["runtime CRUD"],"fullName":"runtime CRUD resolves distant indexes across multi-Frame Strip checkpoints","status":"failed","title":"resolves distant indexes across multi-Frame Strip checkpoints","duration":115.04050000000007,"failureMessages":["AssertionError: expected 867 to be 100 // Object.is equality\n    at C:/Users/jorts/sequencer/test/unit/crud.test.ts:58:65\n    at file:///C:/Users/jorts/sequencer/node_modules/@vitest/runner/dist/chunk-artifact.js:302:11\n    at file:///C:/Users/jorts/sequencer/node_modules/@vitest/runner/dist/chunk-artifact.js:1903:26\n    at file:///C:/Users/jorts/sequencer/node_modules/@vitest/runner/dist/chunk-artifact.js:2326:20\n    at new Promise (<anonymous>)\n    at runWithCancel (file:///C:/Users/jorts/sequencer/node_modules/@vitest/runner/dist/chunk-artifact.js:2323:10)\n    at file:///C:/Users/jorts/sequencer/node_modules/@vitest/runner/dist/chunk-artifact.js:2305:20\n    at new Promise (<anonymous>)\n    at runWithTimeout (file:///C:/Users/jorts/sequencer/node_modules/@vitest/runner/dist/chunk-artifact.js:2272:10)\n    at file:///C:/Users/jorts/sequencer/node_modules/@vitest/runner/dist/chunk-artifact.js:2955:64"],"location":{"line":39,"column":3},"meta":{},"tags":[]},{"ancestorTitles":["runtime CRUD"],"fullName":"runtime CRUD soft deletion hides a range while retaining recovery Footage","status":"passed","title":"soft deletion hides a range while retaining recovery Footage","duration":2.2867999999998574,"failureMessages":[],"location":{"line":62,"column":3},"meta":{},"tags":[]},{"ancestorTitles":["runtime CRUD"],"fullName":"runtime CRUD removes the complete multi-Frame Projection without a checkpoint","status":"passed","title":"removes the complete multi-Frame Projection without a checkpoint","duration":4.998300000000199,"failureMessages":[],"location":{"line":73,"column":3},"meta":{},"tags":[]},{"ancestorTitles":["runtime CRUD"],"fullName":"runtime CRUD hard deletion releases only the removed Footage","status":"passed","title":"hard deletion releases only the removed Footage","duration":1.4412999999999556,"failureMessages":[],"location":{"line":84,"column":3},"meta":{},"tags":[]},{"ancestorTitles":["runtime CRUD"],"fullName":"runtime CRUD replaces a visible range through one combined result","status":"passed","title":"replaces a visible range through one combined result","duration":3.5054999999999836,"failureMessages":[],"location":{"line":94,"column":3},"meta":{},"tags":[]},{"ancestorTitles":["runtime CRUD"],"fullName":"runtime CRUD uses Projection end as the default removal boundary","status":"passed","title":"uses Projection end as the default removal boundary","duration":0.6693000000000211,"failureMessages":[],"location":{"line":108,"column":3},"meta":{},"tags":[]},{"ancestorTitles":["runtime CRUD"],"fullName":"runtime CRUD rejects invalid writes without changing the Projection","status":"passed","title":"rejects invalid writes without changing the Projection","duration":0.8872000000001208,"failureMessages":[],"location":{"line":116,"column":3},"meta":{},"tags":[]}],"startTime":1786478478230,"endTime":1786478478369.8872,"status":"failed","message":"","name":"C:/Users/jorts/sequencer/test/unit/crud.test.ts"}],"coverageMap":{"C:\\Users\\jorts\\sequencer\\src\\typescript\\algorithms\\delete\\compact\\index.ts":{"path":"C:\\Users\\jorts\\sequencer\\src\\typescript\\algorithms\\delete\\compact\\index.ts","statementMap":{"0":{"start":{"line":33,"column":2},"end":{"line":33,"column":null}},"1":{"start":{"line":33,"column":30},"end":{"line":33,"column":null}},"2":{"start":{"line":36,"column":19},"end":{"line":36,"column":null}},"3":{"start":{"line":39,"column":2},"end":{"line":52,"column":null}},"4":{"start":{"line":39,"column":27},"end":{"line":39,"column":30}},"5":{"start":{"line":40,"column":4},"end":{"line":52,"column":null}},"6":{"start":{"line":40,"column":27},"end":{"line":40,"column":30}},"7":{"start":{"line":42,"column":8},"end":{"line":42,"column":null}},"8":{"start":{"line":43,"column":28},"end":{"line":47,"column":null}},"9":{"start":{"line":45,"column":10},"end":{"line":46,"column":null}},"10":{"start":{"line":50,"column":6},"end":{"line":51,"column":null}},"11":{"start":{"line":51,"column":8},"end":{"line":51,"column":null}},"12":{"start":{"line":55,"column":24},"end":{"line":55,"column":null}},"13":{"start":{"line":56,"column":2},"end":{"line":56,"column":null}},"14":{"start":{"line":56,"column":22},"end":{"line":56,"column":null}},"15":{"start":{"line":59,"column":2},"end":{"line":66,"column":null}},"16":{"start":{"line":59,"column":24},"end":{"line":59,"column":27}},"17":{"start":{"line":60,"column":32},"end":{"line":60,"column":null}},"18":{"start":{"line":61,"column":4},"end":{"line":65,"column":null}}},"fnMap":{"0":{"name":"compact","decl":{"start":{"line":28,"column":16},"end":{"line":28,"column":null}},"loc":{"start":{"line":31,"column":8},"end":{"line":67,"column":null}},"line":31},"1":{"name":"(anonymous_1)","decl":{"start":{"line":43,"column":53},"end":{"line":43,"column":null}},"loc":{"start":{"line":45,"column":10},"end":{"line":46,"column":null}},"line":45}},"branchMap":{"0":{"loc":{"start":{"line":33,"column":2},"end":{"line":33,"column":null}},"type":"if","locations":[{"start":{"line":33,"column":2},"end":{"line":33,"column":null}},{"start":{},"end":{}}],"line":33},"1":{"loc":{"start":{"line":45,"column":10},"end":{"line":46,"column":null}},"type":"binary-expr","locations":[{"start":{"line":45,"column":10},"end":{"line":45,"column":null}},{"start":{"line":46,"column":10},"end":{"line":46,"column":null}}],"line":45},"2":{"loc":{"start":{"line":50,"column":6},"end":{"line":51,"column":null}},"type":"if","locations":[{"start":{"line":50,"column":6},"end":{"line":51,"column":null}},{"start":{},"end":{}}],"line":50},"3":{"loc":{"start":{"line":50,"column":10},"end":{"line":50,"column":null}},"type":"binary-expr","locations":[{"start":{"line":50,"column":10},"end":{"line":50,"column":27}},{"start":{"line":50,"column":27},"end":{"line":50,"column":null}}],"line":50},"4":{"loc":{"start":{"line":56,"column":2},"end":{"line":56,"column":null}},"type":"if","locations":[{"start":{"line":56,"column":2},"end":{"line":56,"column":null}},{"start":{},"end":{}}],"line":56}},"s":{"0":0,"1":0,"2":0,"3":0,"4":0,"5":0,"6":0,"7":0,"8":0,"9":0,"10":0,"11":0,"12":0,"13":0,"14":0,"15":0,"16":0,"17":0,"18":0},"f":{"0":0,"1":0},"b":{"0":[0,0],"1":[0,0],"2":[0,0],"3":[0,0],"4":[0,0]},"meta":{"lastBranch":5,"lastFunction":2,"lastStatement":19,"seen":{"f:28:16:28:Infinity":0,"b:33:2:33:Infinity:undefined:undefined:undefined:undefined":0,"s:33:2:33:Infinity":0,"s:33:30:33:Infinity":1,"s:36:19:36:Infinity":2,"s:39:2:52:Infinity":3,"s:39:27:39:30":4,"s:40:4:52:Infinity":5,"s:40:27:40:30":6,"s:42:8:42:Infinity":7,"s:43:28:47:Infinity":8,"f:43:53:43:Infinity":1,"s:45:10:46:Infinity":9,"b:45:10:45:Infinity:46:10:46:Infinity":1,"b:50:6:51:Infinity:undefined:undefined:undefined:undefined":2,"s:50:6:51:Infinity":10,"b:50:10:50:27:50:27:50:Infinity":3,"s:51:8:51:Infinity":11,"s:55:24:55:Infinity":12,"b:56:2:56:Infinity:undefined:undefined:undefined:undefined":4,"s:56:2:56:Infinity":13,"s:56:22:56:Infinity":14,"s:59:2:66:Infinity":15,"s:59:24:59:27":16,"s:60:32:60:Infinity":17,"s:61:4:65:Infinity":18},"fnNames":{}}},"C:\\Users\\jorts\\sequencer\\src\\typescript\\algorithms\\create\\index.ts":{"path":"C:\\Users\\jorts\\sequencer\\src\\typescript\\algorithms\\create\\index.ts","statementMap":{"0":{"start":{"line":15,"column":30},"end":{"line":15,"column":null}},"1":{"start":{"line":33,"column":28},"end":{"line":36,"column":null}},"2":{"start":{"line":37,"column":2},"end":{"line":37,"column":null}},"3":{"start":{"line":39,"column":2},"end":{"line":39,"column":null}},"4":{"start":{"line":40,"column":2},"end":{"line":40,"column":null}},"5":{"start":{"line":40,"column":34},"end":{"line":40,"column":null}},"6":{"start":{"line":43,"column":2},"end":{"line":43,"column":null}}},"fnMap":{"0":{"name":"create","decl":{"start":{"line":31,"column":16},"end":{"line":31,"column":26}},"loc":{"start":{"line":31,"column":54},"end":{"line":44,"column":null}},"line":31}},"branchMap":{"0":{"loc":{"start":{"line":40,"column":2},"end":{"line":40,"column":null}},"type":"if","locations":[{"start":{"line":40,"column":2},"end":{"line":40,"column":null}},{"start":{},"end":{}}],"line":40}},"s":{"0":1,"1":10,"2":10,"3":10,"4":10,"5":1,"6":10},"f":{"0":10},"b":{"0":[1,9]},"meta":{"lastBranch":1,"lastFunction":1,"lastStatement":7,"seen":{"s:15:30:15:Infinity":0,"f:31:16:31:26":0,"s:33:28:36:Infinity":1,"s:37:2:37:Infinity":2,"s:39:2:39:Infinity":3,"b:40:2:40:Infinity:undefined:undefined:undefined:undefined":0,"s:40:2:40:Infinity":4,"s:40:34:40:Infinity":5,"s:43:2:43:Infinity":6},"fnNames":{}}},"C:\\Users\\jorts\\sequencer\\src\\typescript\\algorithms\\delete\\index.ts":{"path":"C:\\Users\\jorts\\sequencer\\src\\typescript\\algorithms\\delete\\index.ts","statementMap":{},"fnMap":{},"branchMap":{},"s":{},"f":{},"b":{},"meta":{"lastBranch":0,"lastFunction":0,"lastStatement":0,"seen":{},"fnNames":{}}},"C:\\Users\\jorts\\sequencer\\src\\typescript\\algorithms\\index.ts":{"path":"C:\\Users\\jorts\\sequencer\\src\\typescript\\algorithms\\index.ts","statementMap":{},"fnMap":{},"branchMap":{},"s":{},"f":{},"b":{},"meta":{"lastBranch":0,"lastFunction":0,"lastStatement":0,"seen":{},"fnNames":{}}},"C:\\Users\\jorts\\sequencer\\src\\typescript\\algorithms\\read\\index.ts":{"path":"C:\\Users\\jorts\\sequencer\\src\\typescript\\algorithms\\read\\index.ts","statementMap":{},"fnMap":{},"branchMap":{},"s":{},"f":{},"b":{},"meta":{"lastBranch":0,"lastFunction":0,"lastStatement":0,"seen":{},"fnNames":{}}},"C:\\Users\\jorts\\sequencer\\src\\typescript\\algorithms\\delete\\remove\\index.ts":{"path":"C:\\Users\\jorts\\sequencer\\src\\typescript\\algorithms\\delete\\remove\\index.ts","statementMap":{"0":{"start":{"line":49,"column":33},"end":{"line":49,"column":null}},"1":{"start":{"line":50,"column":29},"end":{"line":50,"column":null}},"2":{"start":{"line":52,"column":2},"end":{"line":57,"column":null}},"3":{"start":{"line":57,"column":4},"end":{"line":57,"column":null}},"4":{"start":{"line":60,"column":28},"end":{"line":60,"column":null}},"5":{"start":{"line":61,"column":26},"end":{"line":61,"column":null}},"6":{"start":{"line":62,"column":30},"end":{"line":62,"column":null}},"7":{"start":{"line":65,"column":2},"end":{"line":70,"column":null}},"8":{"start":{"line":66,"column":22},"end":{"line":66,"column":null}},"9":{"start":{"line":70,"column":4},"end":{"line":70,"column":null}},"10":{"start":{"line":73,"column":2},"end":{"line":112,"column":null}},"11":{"start":{"line":75,"column":32},"end":{"line":78,"column":null}},"12":{"start":{"line":79,"column":29},"end":{"line":79,"column":55}},"13":{"start":{"line":82,"column":31},"end":{"line":82,"column":null}},"14":{"start":{"line":84,"column":29},"end":{"line":87,"column":null}},"15":{"start":{"line":90,"column":30},"end":{"line":97,"column":null}},"16":{"start":{"line":98,"column":35},"end":{"line":98,"column":null}},"17":{"start":{"line":101,"column":4},"end":{"line":107,"column":null}},"18":{"start":{"line":102,"column":6},"end":{"line":106,"column":null}},"19":{"start":{"line":110,"column":4},"end":{"line":110,"column":null}},"20":{"start":{"line":111,"column":4},"end":{"line":111,"column":null}},"21":{"start":{"line":115,"column":2},"end":{"line":115,"column":null}}},"fnMap":{"0":{"name":"remove","decl":{"start":{"line":42,"column":16},"end":{"line":42,"column":null}},"loc":{"start":{"line":47,"column":13},"end":{"line":116,"column":null}},"line":47}},"branchMap":{"0":{"loc":{"start":{"line":44,"column":2},"end":{"line":44,"column":null}},"type":"default-arg","locations":[{"start":{"line":44,"column":16},"end":{"line":44,"column":null}}],"line":44},"1":{"loc":{"start":{"line":46,"column":2},"end":{"line":46,"column":null}},"type":"default-arg","locations":[{"start":{"line":46,"column":9},"end":{"line":46,"column":null}}],"line":46},"2":{"loc":{"start":{"line":50,"column":29},"end":{"line":50,"column":null}},"type":"binary-expr","locations":[{"start":{"line":50,"column":29},"end":{"line":50,"column":42}},{"start":{"line":50,"column":42},"end":{"line":50,"column":null}}],"line":50},"3":{"loc":{"start":{"line":52,"column":2},"end":{"line":57,"column":null}},"type":"if","locations":[{"start":{"line":52,"column":2},"end":{"line":57,"column":null}},{"start":{},"end":{}}],"line":52},"4":{"loc":{"start":{"line":53,"column":4},"end":{"line":55,"column":null}},"type":"binary-expr","locations":[{"start":{"line":53,"column":4},"end":{"line":53,"column":null}},{"start":{"line":54,"column":4},"end":{"line":54,"column":null}},{"start":{"line":55,"column":4},"end":{"line":55,"column":null}}],"line":53},"5":{"loc":{"start":{"line":101,"column":4},"end":{"line":107,"column":null}},"type":"if","locations":[{"start":{"line":101,"column":4},"end":{"line":107,"column":null}},{"start":{},"end":{}}],"line":101},"6":{"loc":{"start":{"line":101,"column":8},"end":{"line":101,"column":50}},"type":"binary-expr","locations":[{"start":{"line":101,"column":8},"end":{"line":101,"column":16}},{"start":{"line":101,"column":16},"end":{"line":101,"column":50}}],"line":101}},"s":{"0":8,"1":8,"2":8,"3":3,"4":5,"5":5,"6":5,"7":5,"8":5,"9":263,"10":5,"11":5,"12":5,"13":5,"14":5,"15":5,"16":5,"17":5,"18":2,"19":5,"20":5,"21":5},"f":{"0":8},"b":{"0":[8],"1":[8],"2":[8,1],"3":[3,5],"4":[8,7,6],"5":[2,3],"6":[5,2]},"meta":{"lastBranch":7,"lastFunction":1,"lastStatement":22,"seen":{"f:42:16:42:Infinity":0,"b:44:16:44:Infinity":0,"b:46:9:46:Infinity":1,"s:49:33:49:Infinity":0,"s:50:29:50:Infinity":1,"b:50:29:50:42:50:42:50:Infinity":2,"b:52:2:57:Infinity:undefined:undefined:undefined:undefined":3,"s:52:2:57:Infinity":2,"b:53:4:53:Infinity:54:4:54:Infinity:55:4:55:Infinity":4,"s:57:4:57:Infinity":3,"s:60:28:60:Infinity":4,"s:61:26:61:Infinity":5,"s:62:30:62:Infinity":6,"s:65:2:70:Infinity":7,"s:66:22:66:Infinity":8,"s:70:4:70:Infinity":9,"s:73:2:112:Infinity":10,"s:75:32:78:Infinity":11,"s:79:29:79:55":12,"s:82:31:82:Infinity":13,"s:84:29:87:Infinity":14,"s:90:30:97:Infinity":15,"s:98:35:98:Infinity":16,"b:101:4:107:Infinity:undefined:undefined:undefined:undefined":5,"s:101:4:107:Infinity":17,"b:101:8:101:16:101:16:101:50":6,"s:102:6:106:Infinity":18,"s:110:4:110:Infinity":19,"s:111:4:111:Infinity":20,"s:115:2:115:Infinity":21},"fnNames":{}}},"C:\\Users\\jorts\\sequencer\\src\\typescript\\algorithms\\read\\acknowledge\\index.ts":{"path":"C:\\Users\\jorts\\sequencer\\src\\typescript\\algorithms\\read\\acknowledge\\index.ts","statementMap":{"0":{"start":{"line":22,"column":2},"end":{"line":22,"column":null}}},"fnMap":{"0":{"name":"acknowledge","decl":{"start":{"line":20,"column":16},"end":{"line":20,"column":31}},"loc":{"start":{"line":20,"column":75},"end":{"line":23,"column":null}},"line":20}},"branchMap":{},"s":{"0":0},"f":{"0":0},"b":{},"meta":{"lastBranch":0,"lastFunction":1,"lastStatement":1,"seen":{"f:20:16:20:31":0,"s:22:2:22:Infinity":0},"fnNames":{}}},"C:\\Users\\jorts\\sequencer\\src\\typescript\\algorithms\\read\\find\\index.ts":{"path":"C:\\Users\\jorts\\sequencer\\src\\typescript\\algorithms\\read\\find\\index.ts","statementMap":{"0":{"start":{"line":27,"column":2},"end":{"line":28,"column":null}},"1":{"start":{"line":28,"column":4},"end":{"line":28,"column":null}},"2":{"start":{"line":31,"column":2},"end":{"line":31,"column":null}}},"fnMap":{"0":{"name":"find","decl":{"start":{"line":25,"column":16},"end":{"line":25,"column":24}},"loc":{"start":{"line":25,"column":73},"end":{"line":32,"column":null}},"line":25}},"branchMap":{"0":{"loc":{"start":{"line":27,"column":2},"end":{"line":28,"column":null}},"type":"if","locations":[{"start":{"line":27,"column":2},"end":{"line":28,"column":null}},{"start":{},"end":{}}],"line":27}},"s":{"0":3,"1":1,"2":2},"f":{"0":3},"b":{"0":[1,2]},"meta":{"lastBranch":1,"lastFunction":1,"lastStatement":3,"seen":{"f:25:16:25:24":0,"b:27:2:28:Infinity:undefined:undefined:undefined:undefined":0,"s:27:2:28:Infinity":0,"s:28:4:28:Infinity":1,"s:31:2:31:Infinity":2},"fnNames":{}}},"C:\\Users\\jorts\\sequencer\\src\\typescript\\algorithms\\read\\length\\index.ts":{"path":"C:\\Users\\jorts\\sequencer\\src\\typescript\\algorithms\\read\\length\\index.ts","statementMap":{"0":{"start":{"line":19,"column":2},"end":{"line":19,"column":null}}},"fnMap":{"0":{"name":"length","decl":{"start":{"line":17,"column":16},"end":{"line":17,"column":26}},"loc":{"start":{"line":17,"column":53},"end":{"line":20,"column":null}},"line":17}},"branchMap":{},"s":{"0":3},"f":{"0":3},"b":{},"meta":{"lastBranch":0,"lastFunction":1,"lastStatement":1,"seen":{"f:17:16:17:26":0,"s:19:2:19:Infinity":0},"fnNames":{}}},"C:\\Users\\jorts\\sequencer\\src\\typescript\\algorithms\\read\\recover\\index.ts":{"path":"C:\\Users\\jorts\\sequencer\\src\\typescript\\algorithms\\read\\recover\\index.ts","statementMap":{"0":{"start":{"line":23,"column":24},"end":{"line":23,"column":null}},"1":{"start":{"line":24,"column":2},"end":{"line":24,"column":null}},"2":{"start":{"line":24,"column":22},"end":{"line":24,"column":null}},"3":{"start":{"line":26,"column":17},"end":{"line":26,"column":null}},"4":{"start":{"line":27,"column":20},"end":{"line":27,"column":null}},"5":{"start":{"line":29,"column":2},"end":{"line":37,"column":null}},"6":{"start":{"line":29,"column":24},"end":{"line":29,"column":27}},"7":{"start":{"line":30,"column":32},"end":{"line":30,"column":null}},"8":{"start":{"line":32,"column":6},"end":{"line":32,"column":null}},"9":{"start":{"line":33,"column":4},"end":{"line":36,"column":null}},"10":{"start":{"line":33,"column":21},"end":{"line":33,"column":42}},"11":{"start":{"line":34,"column":20},"end":{"line":34,"column":null}},"12":{"start":{"line":35,"column":6},"end":{"line":35,"column":null}},"13":{"start":{"line":35,"column":31},"end":{"line":35,"column":null}},"14":{"start":{"line":39,"column":2},"end":{"line":39,"column":null}},"15":{"start":{"line":40,"column":2},"end":{"line":40,"column":null}}},"fnMap":{"0":{"name":"recover","decl":{"start":{"line":22,"column":16},"end":{"line":22,"column":27}},"loc":{"start":{"line":22,"column":56},"end":{"line":41,"column":null}},"line":22}},"branchMap":{"0":{"loc":{"start":{"line":24,"column":2},"end":{"line":24,"column":null}},"type":"if","locations":[{"start":{"line":24,"column":2},"end":{"line":24,"column":null}},{"start":{},"end":{}}],"line":24},"1":{"loc":{"start":{"line":35,"column":6},"end":{"line":35,"column":null}},"type":"if","locations":[{"start":{"line":35,"column":6},"end":{"line":35,"column":null}},{"start":{},"end":{}}],"line":35}},"s":{"0":6,"1":6,"2":1,"3":5,"4":5,"5":5,"6":5,"7":14,"8":14,"9":14,"10":14,"11":274,"12":274,"13":270,"14":5,"15":5},"f":{"0":6},"b":{"0":[1,5],"1":[270,4]},"meta":{"lastBranch":2,"lastFunction":1,"lastStatement":16,"seen":{"f:22:16:22:27":0,"s:23:24:23:Infinity":0,"b:24:2:24:Infinity:undefined:undefined:undefined:undefined":0,"s:24:2:24:Infinity":1,"s:24:22:24:Infinity":2,"s:26:17:26:Infinity":3,"s:27:20:27:Infinity":4,"s:29:2:37:Infinity":5,"s:29:24:29:27":6,"s:30:32:30:Infinity":7,"s:32:6:32:Infinity":8,"s:33:4:36:Infinity":9,"s:33:21:33:42":10,"s:34:20:34:Infinity":11,"b:35:6:35:Infinity:undefined:undefined:undefined:undefined":1,"s:35:6:35:Infinity":12,"s:35:31:35:Infinity":13,"s:39:2:39:Infinity":14,"s:40:2:40:Infinity":15},"fnNames":{}}},"C:\\Users\\jorts\\sequencer\\src\\typescript\\algorithms\\update\\merge\\index.ts":{"path":"C:\\Users\\jorts\\sequencer\\src\\typescript\\algorithms\\update\\merge\\index.ts","statementMap":{"0":{"start":{"line":35,"column":2},"end":{"line":35,"column":null}},"1":{"start":{"line":35,"column":47},"end":{"line":35,"column":null}},"2":{"start":{"line":37,"column":26},"end":{"line":37,"column":null}},"3":{"start":{"line":40,"column":2},"end":{"line":85,"column":null}},"4":{"start":{"line":41,"column":4},"end":{"line":41,"column":null}},"5":{"start":{"line":41,"column":29},"end":{"line":41,"column":null}},"6":{"start":{"line":43,"column":34},"end":{"line":43,"column":null}},"7":{"start":{"line":44,"column":29},"end":{"line":44,"column":null}},"8":{"start":{"line":45,"column":4},"end":{"line":48,"column":null}},"9":{"start":{"line":46,"column":6},"end":{"line":46,"column":null}},"10":{"start":{"line":47,"column":6},"end":{"line":47,"column":null}},"11":{"start":{"line":50,"column":4},"end":{"line":50,"column":null}},"12":{"start":{"line":52,"column":35},"end":{"line":52,"column":null}},"13":{"start":{"line":53,"column":4},"end":{"line":53,"column":null}},"14":{"start":{"line":53,"column":42},"end":{"line":53,"column":null}},"15":{"start":{"line":54,"column":4},"end":{"line":54,"column":null}},"16":{"start":{"line":56,"column":27},"end":{"line":56,"column":null}},"17":{"start":{"line":58,"column":30},"end":{"line":58,"column":null}},"18":{"start":{"line":59,"column":4},"end":{"line":66,"column":null}},"19":{"start":{"line":60,"column":24},"end":{"line":60,"column":null}},"20":{"start":{"line":64,"column":6},"end":{"line":64,"column":null}},"21":{"start":{"line":65,"column":6},"end":{"line":65,"column":null}},"22":{"start":{"line":65,"column":19},"end":{"line":65,"column":null}},"23":{"start":{"line":68,"column":34},"end":{"line":68,"column":60}},"24":{"start":{"line":69,"column":4},"end":{"line":69,"column":null}},"25":{"start":{"line":69,"column":32},"end":{"line":69,"column":null}},"26":{"start":{"line":71,"column":41},"end":{"line":71,"column":null}},"27":{"start":{"line":72,"column":4},"end":{"line":84,"column":null}},"28":{"start":{"line":73,"column":23},"end":{"line":73,"column":null}},"29":{"start":{"line":77,"column":40},"end":{"line":77,"column":null}},"30":{"start":{"line":79,"column":8},"end":{"line":79,"column":null}},"31":{"start":{"line":80,"column":6},"end":{"line":83,"column":null}},"32":{"start":{"line":81,"column":8},"end":{"line":82,"column":null}},"33":{"start":{"line":87,"column":2},"end":{"line":87,"column":null}}},"fnMap":{"0":{"name":"merge","decl":{"start":{"line":34,"column":16},"end":{"line":34,"column":25}},"loc":{"start":{"line":34,"column":78},"end":{"line":88,"column":null}},"line":34}},"branchMap":{"0":{"loc":{"start":{"line":35,"column":2},"end":{"line":35,"column":null}},"type":"if","locations":[{"start":{"line":35,"column":2},"end":{"line":35,"column":null}},{"start":{},"end":{}}],"line":35},"1":{"loc":{"start":{"line":35,"column":6},"end":{"line":35,"column":47}},"type":"binary-expr","locations":[{"start":{"line":35,"column":6},"end":{"line":35,"column":30}},{"start":{"line":35,"column":30},"end":{"line":35,"column":47}}],"line":35},"2":{"loc":{"start":{"line":41,"column":4},"end":{"line":41,"column":null}},"type":"if","locations":[{"start":{"line":41,"column":4},"end":{"line":41,"column":null}},{"start":{},"end":{}}],"line":41},"3":{"loc":{"start":{"line":45,"column":4},"end":{"line":48,"column":null}},"type":"if","locations":[{"start":{"line":45,"column":4},"end":{"line":48,"column":null}},{"start":{},"end":{}}],"line":45},"4":{"loc":{"start":{"line":53,"column":4},"end":{"line":53,"column":null}},"type":"if","locations":[{"start":{"line":53,"column":4},"end":{"line":53,"column":null}},{"start":{},"end":{}}],"line":53},"5":{"loc":{"start":{"line":64,"column":28},"end":{"line":64,"column":null}},"type":"cond-expr","locations":[{"start":{"line":64,"column":38},"end":{"line":64,"column":69}},{"start":{"line":64,"column":69},"end":{"line":64,"column":null}}],"line":64},"6":{"loc":{"start":{"line":65,"column":6},"end":{"line":65,"column":null}},"type":"if","locations":[{"start":{"line":65,"column":6},"end":{"line":65,"column":null}},{"start":{},"end":{}}],"line":65},"7":{"loc":{"start":{"line":69,"column":4},"end":{"line":69,"column":null}},"type":"if","locations":[{"start":{"line":69,"column":4},"end":{"line":69,"column":null}},{"start":{},"end":{}}],"line":69},"8":{"loc":{"start":{"line":87,"column":9},"end":{"line":87,"column":null}},"type":"binary-expr","locations":[{"start":{"line":87,"column":9},"end":{"line":87,"column":20}},{"start":{"line":87,"column":20},"end":{"line":87,"column":null}}],"line":87}},"s":{"0":10,"1":9,"2":1,"3":1,"4":1024,"5":0,"6":1024,"7":1024,"8":1024,"9":1024,"10":1024,"11":1024,"12":1024,"13":1024,"14":1024,"15":0,"16":0,"17":0,"18":0,"19":0,"20":0,"21":0,"22":0,"23":0,"24":0,"25":0,"26":0,"27":0,"28":0,"29":0,"30":0,"31":0,"32":0,"33":1},"f":{"0":10},"b":{"0":[9,1],"1":[10,1],"2":[0,1024],"3":[1024,0],"4":[1024,0],"5":[0,0],"6":[0,0],"7":[0,0],"8":[1,1]},"meta":{"lastBranch":9,"lastFunction":1,"lastStatement":34,"seen":{"f:34:16:34:25":0,"b:35:2:35:Infinity:undefined:undefined:undefined:undefined":0,"s:35:2:35:Infinity":0,"b:35:6:35:30:35:30:35:47":1,"s:35:47:35:Infinity":1,"s:37:26:37:Infinity":2,"s:40:2:85:Infinity":3,"b:41:4:41:Infinity:undefined:undefined:undefined:undefined":2,"s:41:4:41:Infinity":4,"s:41:29:41:Infinity":5,"s:43:34:43:Infinity":6,"s:44:29:44:Infinity":7,"b:45:4:48:Infinity:undefined:undefined:undefined:undefined":3,"s:45:4:48:Infinity":8,"s:46:6:46:Infinity":9,"s:47:6:47:Infinity":10,"s:50:4:50:Infinity":11,"s:52:35:52:Infinity":12,"b:53:4:53:Infinity:undefined:undefined:undefined:undefined":4,"s:53:4:53:Infinity":13,"s:53:42:53:Infinity":14,"s:54:4:54:Infinity":15,"s:56:27:56:Infinity":16,"s:58:30:58:Infinity":17,"s:59:4:66:Infinity":18,"s:60:24:60:Infinity":19,"s:64:6:64:Infinity":20,"b:64:38:64:69:64:69:64:Infinity":5,"b:65:6:65:Infinity:undefined:undefined:undefined:undefined":6,"s:65:6:65:Infinity":21,"s:65:19:65:Infinity":22,"s:68:34:68:60":23,"b:69:4:69:Infinity:undefined:undefined:undefined:undefined":7,"s:69:4:69:Infinity":24,"s:69:32:69:Infinity":25,"s:71:41:71:Infinity":26,"s:72:4:84:Infinity":27,"s:73:23:73:Infinity":28,"s:77:40:77:Infinity":29,"s:79:8:79:Infinity":30,"s:80:6:83:Infinity":31,"s:81:8:82:Infinity":32,"s:87:2:87:Infinity":33,"b:87:9:87:20:87:20:87:Infinity":8},"fnNames":{}}},"C:\\Users\\jorts\\sequencer\\src\\typescript\\algorithms\\read\\snapshot\\index.ts":{"path":"C:\\Users\\jorts\\sequencer\\src\\typescript\\algorithms\\read\\snapshot\\index.ts","statementMap":{"0":{"start":{"line":41,"column":26},"end":{"line":41,"column":null}},"1":{"start":{"line":44,"column":26},"end":{"line":44,"column":null}},"2":{"start":{"line":47,"column":8},"end":{"line":77,"column":null}},"3":{"start":{"line":48,"column":17},"end":{"line":48,"column":40}},"4":{"start":{"line":49,"column":32},"end":{"line":49,"column":null}},"5":{"start":{"line":50,"column":4},"end":{"line":50,"column":null}},"6":{"start":{"line":52,"column":4},"end":{"line":61,"column":null}},"7":{"start":{"line":53,"column":6},"end":{"line":53,"column":null}},"8":{"start":{"line":53,"column":54},"end":{"line":53,"column":null}},"9":{"start":{"line":55,"column":21},"end":{"line":58,"column":null}},"10":{"start":{"line":59,"column":6},"end":{"line":59,"column":null}},"11":{"start":{"line":60,"column":6},"end":{"line":60,"column":null}},"12":{"start":{"line":63,"column":4},"end":{"line":66,"column":null}},"13":{"start":{"line":64,"column":6},"end":{"line":64,"column":null}},"14":{"start":{"line":65,"column":6},"end":{"line":65,"column":null}},"15":{"start":{"line":68,"column":4},"end":{"line":68,"column":null}},"16":{"start":{"line":68,"column":52},"end":{"line":68,"column":null}},"17":{"start":{"line":70,"column":24},"end":{"line":70,"column":null}},"18":{"start":{"line":71,"column":4},"end":{"line":71,"column":null}},"19":{"start":{"line":72,"column":19},"end":{"line":75,"column":null}},"20":{"start":{"line":76,"column":4},"end":{"line":76,"column":null}},"21":{"start":{"line":80,"column":2},"end":{"line":82,"column":null}},"22":{"start":{"line":81,"column":4},"end":{"line":82,"column":null}},"23":{"start":{"line":81,"column":7},"end":{"line":81,"column":null}},"24":{"start":{"line":85,"column":2},"end":{"line":87,"column":null}},"25":{"start":{"line":86,"column":4},"end":{"line":87,"column":null}},"26":{"start":{"line":86,"column":7},"end":{"line":86,"column":null}},"27":{"start":{"line":90,"column":2},"end":{"line":90,"column":null}}},"fnMap":{"0":{"name":"snapshot","decl":{"start":{"line":40,"column":16},"end":{"line":40,"column":28}},"loc":{"start":{"line":40,"column":57},"end":{"line":91,"column":null}},"line":40},"1":{"name":"(anonymous_1)","decl":{"start":{"line":47,"column":8},"end":{"line":47,"column":33}},"loc":{"start":{"line":47,"column":65},"end":{"line":77,"column":null}},"line":47}},"branchMap":{"0":{"loc":{"start":{"line":52,"column":4},"end":{"line":61,"column":null}},"type":"if","locations":[{"start":{"line":52,"column":4},"end":{"line":61,"column":null}},{"start":{},"end":{}}],"line":52},"1":{"loc":{"start":{"line":53,"column":6},"end":{"line":53,"column":null}},"type":"if","locations":[{"start":{"line":53,"column":6},"end":{"line":53,"column":null}},{"start":{},"end":{}}],"line":53},"2":{"loc":{"start":{"line":63,"column":4},"end":{"line":66,"column":null}},"type":"if","locations":[{"start":{"line":63,"column":4},"end":{"line":66,"column":null}},{"start":{},"end":{}}],"line":63},"3":{"loc":{"start":{"line":68,"column":4},"end":{"line":68,"column":null}},"type":"if","locations":[{"start":{"line":68,"column":4},"end":{"line":68,"column":null}},{"start":{},"end":{}}],"line":68},"4":{"loc":{"start":{"line":80,"column":2},"end":{"line":82,"column":null}},"type":"if","locations":[{"start":{"line":80,"column":2},"end":{"line":82,"column":null}},{"start":{},"end":{}}],"line":80},"5":{"loc":{"start":{"line":85,"column":2},"end":{"line":87,"column":null}},"type":"if","locations":[{"start":{"line":85,"column":2},"end":{"line":87,"column":null}},{"start":{},"end":{}}],"line":85}},"s":{"0":1,"1":1,"2":1,"3":1024,"4":1024,"5":1024,"6":1024,"7":1024,"8":0,"9":1024,"10":1024,"11":1024,"12":0,"13":0,"14":0,"15":0,"16":0,"17":0,"18":0,"19":0,"20":0,"21":1,"22":1,"23":1024,"24":1,"25":0,"26":0,"27":1},"f":{"0":1,"1":1024},"b":{"0":[1024,0],"1":[0,1024],"2":[0,0],"3":[0,0],"4":[1,0],"5":[0,1]},"meta":{"lastBranch":6,"lastFunction":2,"lastStatement":28,"seen":{"f:40:16:40:28":0,"s:41:26:41:Infinity":0,"s:44:26:44:Infinity":1,"s:47:8:77:Infinity":2,"f:47:8:47:33":1,"s:48:17:48:40":3,"s:49:32:49:Infinity":4,"s:50:4:50:Infinity":5,"b:52:4:61:Infinity:undefined:undefined:undefined:undefined":0,"s:52:4:61:Infinity":6,"b:53:6:53:Infinity:undefined:undefined:undefined:undefined":1,"s:53:6:53:Infinity":7,"s:53:54:53:Infinity":8,"s:55:21:58:Infinity":9,"s:59:6:59:Infinity":10,"s:60:6:60:Infinity":11,"b:63:4:66:Infinity:undefined:undefined:undefined:undefined":2,"s:63:4:66:Infinity":12,"s:64:6:64:Infinity":13,"s:65:6:65:Infinity":14,"b:68:4:68:Infinity:undefined:undefined:undefined:undefined":3,"s:68:4:68:Infinity":15,"s:68:52:68:Infinity":16,"s:70:24:70:Infinity":17,"s:71:4:71:Infinity":18,"s:72:19:75:Infinity":19,"s:76:4:76:Infinity":20,"b:80:2:82:Infinity:undefined:undefined:undefined:undefined":4,"s:80:2:82:Infinity":21,"s:81:4:82:Infinity":22,"s:81:7:81:Infinity":23,"b:85:2:87:Infinity:undefined:undefined:undefined:undefined":5,"s:85:2:87:Infinity":24,"s:86:4:87:Infinity":25,"s:86:7:86:Infinity":26,"s:90:2:90:Infinity":27},"fnNames":{}}},"C:\\Users\\jorts\\sequencer\\src\\typescript\\algorithms\\read\\values\\index.ts":{"path":"C:\\Users\\jorts\\sequencer\\src\\typescript\\algorithms\\read\\values\\index.ts","statementMap":{"0":{"start":{"line":29,"column":33},"end":{"line":29,"column":null}},"1":{"start":{"line":30,"column":20},"end":{"line":30,"column":null}},"2":{"start":{"line":31,"column":2},"end":{"line":36,"column":null}},"3":{"start":{"line":36,"column":4},"end":{"line":36,"column":null}},"4":{"start":{"line":38,"column":16},"end":{"line":38,"column":null}},"5":{"start":{"line":39,"column":2},"end":{"line":39,"column":null}},"6":{"start":{"line":39,"column":14},"end":{"line":39,"column":null}},"7":{"start":{"line":41,"column":17},"end":{"line":41,"column":null}},"8":{"start":{"line":42,"column":21},"end":{"line":42,"column":null}},"9":{"start":{"line":43,"column":2},"end":{"line":52,"column":null}},"10":{"start":{"line":43,"column":24},"end":{"line":43,"column":27}},"11":{"start":{"line":44,"column":26},"end":{"line":44,"column":null}},"12":{"start":{"line":45,"column":24},"end":{"line":45,"column":null}},"13":{"start":{"line":46,"column":4},"end":{"line":51,"column":null}},"14":{"start":{"line":47,"column":26},"end":{"line":47,"column":null}},"15":{"start":{"line":51,"column":6},"end":{"line":51,"column":null}},"16":{"start":{"line":53,"column":2},"end":{"line":53,"column":null}}},"fnMap":{"0":{"name":"values","decl":{"start":{"line":24,"column":16},"end":{"line":24,"column":null}},"loc":{"start":{"line":28,"column":24},"end":{"line":54,"column":null}},"line":28}},"branchMap":{"0":{"loc":{"start":{"line":26,"column":2},"end":{"line":26,"column":null}},"type":"default-arg","locations":[{"start":{"line":26,"column":16},"end":{"line":26,"column":null}}],"line":26},"1":{"loc":{"start":{"line":30,"column":20},"end":{"line":30,"column":null}},"type":"binary-expr","locations":[{"start":{"line":30,"column":20},"end":{"line":30,"column":33}},{"start":{"line":30,"column":33},"end":{"line":30,"column":null}}],"line":30},"2":{"loc":{"start":{"line":31,"column":2},"end":{"line":36,"column":null}},"type":"if","locations":[{"start":{"line":31,"column":2},"end":{"line":36,"column":null}},{"start":{},"end":{}}],"line":31},"3":{"loc":{"start":{"line":32,"column":4},"end":{"line":34,"column":null}},"type":"binary-expr","locations":[{"start":{"line":32,"column":4},"end":{"line":32,"column":null}},{"start":{"line":33,"column":4},"end":{"line":33,"column":null}},{"start":{"line":34,"column":4},"end":{"line":34,"column":null}}],"line":32},"4":{"loc":{"start":{"line":39,"column":2},"end":{"line":39,"column":null}},"type":"if","locations":[{"start":{"line":39,"column":2},"end":{"line":39,"column":null}},{"start":{},"end":{}}],"line":39}},"s":{"0":13,"1":13,"2":13,"3":4,"4":9,"5":9,"6":2,"7":7,"8":7,"9":7,"10":7,"11":14,"12":14,"13":14,"14":14,"15":17,"16":7},"f":{"0":13},"b":{"0":[13],"1":[13,10],"2":[4,9],"3":[13,11,10],"4":[2,7]},"meta":{"lastBranch":5,"lastFunction":1,"lastStatement":17,"seen":{"f:24:16:24:Infinity":0,"b:26:16:26:Infinity":0,"s:29:33:29:Infinity":0,"s:30:20:30:Infinity":1,"b:30:20:30:33:30:33:30:Infinity":1,"b:31:2:36:Infinity:undefined:undefined:undefined:undefined":2,"s:31:2:36:Infinity":2,"b:32:4:32:Infinity:33:4:33:Infinity:34:4:34:Infinity":3,"s:36:4:36:Infinity":3,"s:38:16:38:Infinity":4,"b:39:2:39:Infinity:undefined:undefined:undefined:undefined":4,"s:39:2:39:Infinity":5,"s:39:14:39:Infinity":6,"s:41:17:41:Infinity":7,"s:42:21:42:Infinity":8,"s:43:2:52:Infinity":9,"s:43:24:43:27":10,"s:44:26:44:Infinity":11,"s:45:24:45:Infinity":12,"s:46:4:51:Infinity":13,"s:47:26:47:Infinity":14,"s:51:6:51:Infinity":15,"s:53:2:53:Infinity":16},"fnNames":{}}},"C:\\Users\\jorts\\sequencer\\src\\typescript\\algorithms\\update\\index.ts":{"path":"C:\\Users\\jorts\\sequencer\\src\\typescript\\algorithms\\update\\index.ts","statementMap":{},"fnMap":{},"branchMap":{},"s":{},"f":{},"b":{},"meta":{"lastBranch":0,"lastFunction":0,"lastStatement":0,"seen":{},"fnNames":{}}},"C:\\Users\\jorts\\sequencer\\src\\typescript\\algorithms\\update\\replace\\index.ts":{"path":"C:\\Users\\jorts\\sequencer\\src\\typescript\\algorithms\\update\\replace\\index.ts","statementMap":{"0":{"start":{"line":37,"column":17},"end":{"line":37,"column":null}},"1":{"start":{"line":39,"column":2},"end":{"line":39,"column":null}},"2":{"start":{"line":39,"column":15},"end":{"line":39,"column":null}},"3":{"start":{"line":41,"column":28},"end":{"line":41,"column":null}},"4":{"start":{"line":43,"column":2},"end":{"line":43,"column":null}},"5":{"start":{"line":43,"column":26},"end":{"line":43,"column":null}},"6":{"start":{"line":45,"column":2},"end":{"line":46,"column":null}},"7":{"start":{"line":46,"column":4},"end":{"line":46,"column":null}},"8":{"start":{"line":48,"column":2},"end":{"line":48,"column":null}},"9":{"start":{"line":51,"column":2},"end":{"line":51,"column":null}}},"fnMap":{"0":{"name":"replace","decl":{"start":{"line":31,"column":16},"end":{"line":31,"column":null}},"loc":{"start":{"line":36,"column":13},"end":{"line":52,"column":null}},"line":36}},"branchMap":{"0":{"loc":{"start":{"line":35,"column":2},"end":{"line":35,"column":null}},"type":"default-arg","locations":[{"start":{"line":35,"column":9},"end":{"line":35,"column":null}}],"line":35},"1":{"loc":{"start":{"line":39,"column":2},"end":{"line":39,"column":null}},"type":"if","locations":[{"start":{"line":39,"column":2},"end":{"line":39,"column":null}},{"start":{},"end":{}}],"line":39},"2":{"loc":{"start":{"line":43,"column":2},"end":{"line":43,"column":null}},"type":"if","locations":[{"start":{"line":43,"column":2},"end":{"line":43,"column":null}},{"start":{},"end":{}}],"line":43}},"s":{"0":2,"1":2,"2":1,"3":1,"4":1,"5":0,"6":1,"7":2,"8":1,"9":1},"f":{"0":2},"b":{"0":[2],"1":[1,1],"2":[0,1]},"meta":{"lastBranch":3,"lastFunction":1,"lastStatement":10,"seen":{"f:31:16:31:Infinity":0,"b:35:9:35:Infinity":0,"s:37:17:37:Infinity":0,"b:39:2:39:Infinity:undefined:undefined:undefined:undefined":1,"s:39:2:39:Infinity":1,"s:39:15:39:Infinity":2,"s:41:28:41:Infinity":3,"b:43:2:43:Infinity:undefined:undefined:undefined:undefined":2,"s:43:2:43:Infinity":4,"s:43:26:43:Infinity":5,"s:45:2:46:Infinity":6,"s:46:4:46:Infinity":7,"s:48:2:48:Infinity":8,"s:51:2:51:Infinity":9},"fnNames":{}}},"C:\\Users\\jorts\\sequencer\\src\\typescript\\algorithms\\update\\insert\\index.ts":{"path":"C:\\Users\\jorts\\sequencer\\src\\typescript\\algorithms\\update\\insert\\index.ts","statementMap":{"0":{"start":{"line":45,"column":33},"end":{"line":45,"column":null}},"1":{"start":{"line":48,"column":2},"end":{"line":53,"column":null}},"2":{"start":{"line":53,"column":4},"end":{"line":53,"column":null}},"3":{"start":{"line":56,"column":28},"end":{"line":56,"column":null}},"4":{"start":{"line":57,"column":26},"end":{"line":57,"column":null}},"5":{"start":{"line":60,"column":22},"end":{"line":60,"column":null}},"6":{"start":{"line":62,"column":2},"end":{"line":79,"column":null}},"7":{"start":{"line":63,"column":17},"end":{"line":71,"column":null}},"8":{"start":{"line":72,"column":4},"end":{"line":72,"column":null}},"9":{"start":{"line":73,"column":4},"end":{"line":73,"column":null}},"10":{"start":{"line":74,"column":4},"end":{"line":74,"column":null}},"11":{"start":{"line":75,"column":4},"end":{"line":75,"column":null}},"12":{"start":{"line":76,"column":4},"end":{"line":77,"column":null}},"13":{"start":{"line":76,"column":28},"end":{"line":76,"column":31}},"14":{"start":{"line":77,"column":6},"end":{"line":77,"column":null}},"15":{"start":{"line":78,"column":4},"end":{"line":78,"column":null}},"16":{"start":{"line":81,"column":21},"end":{"line":81,"column":null}},"17":{"start":{"line":82,"column":33},"end":{"line":82,"column":null}},"18":{"start":{"line":83,"column":30},"end":{"line":86,"column":null}},"19":{"start":{"line":87,"column":27},"end":{"line":87,"column":53}},"20":{"start":{"line":90,"column":29},"end":{"line":90,"column":null}},"21":{"start":{"line":92,"column":15},"end":{"line":100,"column":null}},"22":{"start":{"line":102,"column":2},"end":{"line":102,"column":null}},"23":{"start":{"line":103,"column":2},"end":{"line":103,"column":null}},"24":{"start":{"line":104,"column":2},"end":{"line":104,"column":null}},"25":{"start":{"line":107,"column":2},"end":{"line":108,"column":null}},"26":{"start":{"line":107,"column":26},"end":{"line":107,"column":29}},"27":{"start":{"line":108,"column":4},"end":{"line":108,"column":null}},"28":{"start":{"line":111,"column":2},"end":{"line":111,"column":null}}},"fnMap":{"0":{"name":"insert","decl":{"start":{"line":40,"column":16},"end":{"line":40,"column":null}},"loc":{"start":{"line":44,"column":13},"end":{"line":112,"column":null}},"line":44}},"branchMap":{"0":{"loc":{"start":{"line":48,"column":2},"end":{"line":53,"column":null}},"type":"if","locations":[{"start":{"line":48,"column":2},"end":{"line":53,"column":null}},{"start":{},"end":{}}],"line":48},"1":{"loc":{"start":{"line":49,"column":4},"end":{"line":51,"column":null}},"type":"binary-expr","locations":[{"start":{"line":49,"column":4},"end":{"line":49,"column":null}},{"start":{"line":50,"column":4},"end":{"line":50,"column":null}},{"start":{"line":51,"column":4},"end":{"line":51,"column":null}}],"line":49},"2":{"loc":{"start":{"line":62,"column":2},"end":{"line":79,"column":null}},"type":"if","locations":[{"start":{"line":62,"column":2},"end":{"line":79,"column":null}},{"start":{},"end":{}}],"line":62},"3":{"loc":{"start":{"line":81,"column":21},"end":{"line":81,"column":null}},"type":"cond-expr","locations":[{"start":{"line":81,"column":54},"end":{"line":81,"column":58}},{"start":{"line":81,"column":58},"end":{"line":81,"column":null}}],"line":81},"4":{"loc":{"start":{"line":82,"column":33},"end":{"line":82,"column":null}},"type":"cond-expr","locations":[{"start":{"line":82,"column":52},"end":{"line":82,"column":60}},{"start":{"line":82,"column":60},"end":{"line":82,"column":null}}],"line":82}},"s":{"0":1038,"1":1038,"2":4,"3":1034,"4":1034,"5":1034,"6":1034,"7":8,"8":8,"9":8,"10":8,"11":8,"12":8,"13":8,"14":274,"15":8,"16":1026,"17":1038,"18":1038,"19":1038,"20":1038,"21":1038,"22":1038,"23":1038,"24":1038,"25":1038,"26":1038,"27":1027,"28":1026},"f":{"0":1038},"b":{"0":[4,1034],"1":[1038,1038,1037],"2":[8,1026],"3":[1,1025],"4":[1,1025]},"meta":{"lastBranch":5,"lastFunction":1,"lastStatement":29,"seen":{"f:40:16:40:Infinity":0,"s:45:33:45:Infinity":0,"b:48:2:53:Infinity:undefined:undefined:undefined:undefined":0,"s:48:2:53:Infinity":1,"b:49:4:49:Infinity:50:4:50:Infinity:51:4:51:Infinity":1,"s:53:4:53:Infinity":2,"s:56:28:56:Infinity":3,"s:57:26:57:Infinity":4,"s:60:22:60:Infinity":5,"b:62:2:79:Infinity:undefined:undefined:undefined:undefined":2,"s:62:2:79:Infinity":6,"s:63:17:71:Infinity":7,"s:72:4:72:Infinity":8,"s:73:4:73:Infinity":9,"s:74:4:74:Infinity":10,"s:75:4:75:Infinity":11,"s:76:4:77:Infinity":12,"s:76:28:76:31":13,"s:77:6:77:Infinity":14,"s:78:4:78:Infinity":15,"s:81:21:81:Infinity":16,"b:81:54:81:58:81:58:81:Infinity":3,"s:82:33:82:Infinity":17,"b:82:52:82:60:82:60:82:Infinity":4,"s:83:30:86:Infinity":18,"s:87:27:87:53":19,"s:90:29:90:Infinity":20,"s:92:15:100:Infinity":21,"s:102:2:102:Infinity":22,"s:103:2:103:Infinity":23,"s:104:2:104:Infinity":24,"s:107:2:108:Infinity":25,"s:107:26:107:29":26,"s:108:4:108:Infinity":27,"s:111:2:111:Infinity":28},"fnNames":{}}},"C:\\Users\\jorts\\sequencer\\src\\typescript\\helpers\\issue_virtual_strip\\index.ts":{"path":"C:\\Users\\jorts\\sequencer\\src\\typescript\\helpers\\issue_virtual_strip\\index.ts","statementMap":{"0":{"start":{"line":11,"column":26},"end":{"line":11,"column":null}},"1":{"start":{"line":14,"column":28},"end":{"line":14,"column":null}},"2":{"start":{"line":23,"column":24},"end":{"line":23,"column":null}},"3":{"start":{"line":61,"column":33},"end":{"line":61,"column":null}},"4":{"start":{"line":64,"column":2},"end":{"line":68,"column":null}},"5":{"start":{"line":65,"column":4},"end":{"line":65,"column":null}},"6":{"start":{"line":66,"column":4},"end":{"line":66,"column":null}},"7":{"start":{"line":67,"column":4},"end":{"line":67,"column":null}},"8":{"start":{"line":69,"column":32},"end":{"line":80,"column":null}},"9":{"start":{"line":82,"column":2},"end":{"line":82,"column":null}},"10":{"start":{"line":83,"column":2},"end":{"line":83,"column":null}},"11":{"start":{"line":84,"column":2},"end":{"line":84,"column":null}},"12":{"start":{"line":85,"column":2},"end":{"line":85,"column":null}}},"fnMap":{"0":{"name":"issue_virtual_strip","decl":{"start":{"line":51,"column":16},"end":{"line":51,"column":null}},"loc":{"start":{"line":59,"column":15},"end":{"line":86,"column":null}},"line":59}},"branchMap":{"0":{"loc":{"start":{"line":64,"column":2},"end":{"line":68,"column":null}},"type":"if","locations":[{"start":{"line":64,"column":2},"end":{"line":68,"column":null}},{"start":{},"end":{}}],"line":64}},"s":{"0":1,"1":1,"2":1,"3":1039,"4":1039,"5":1,"6":1,"7":1,"8":1039,"9":1039,"10":1039,"11":1039,"12":1039},"f":{"0":1039},"b":{"0":[1,1038]},"meta":{"lastBranch":1,"lastFunction":1,"lastStatement":13,"seen":{"s:11:26:11:Infinity":0,"s:14:28:14:Infinity":1,"s:23:24:23:Infinity":2,"f:51:16:51:Infinity":0,"s:61:33:61:Infinity":3,"b:64:2:68:Infinity:undefined:undefined:undefined:undefined":0,"s:64:2:68:Infinity":4,"s:65:4:65:Infinity":5,"s:66:4:66:Infinity":6,"s:67:4:67:Infinity":7,"s:69:32:80:Infinity":8,"s:82:2:82:Infinity":9,"s:83:2:83:Infinity":10,"s:84:2:84:Infinity":11,"s:85:2:85:Infinity":12},"fnNames":{}}},"C:\\Users\\jorts\\sequencer\\src\\typescript\\helpers\\is_safe_index\\index.ts":{"path":"C:\\Users\\jorts\\sequencer\\src\\typescript\\helpers\\is_safe_index\\index.ts","statementMap":{"0":{"start":{"line":24,"column":2},"end":{"line":28,"column":null}}},"fnMap":{"0":{"name":"is_safe_index","decl":{"start":{"line":18,"column":16},"end":{"line":18,"column":null}},"loc":{"start":{"line":22,"column":19},"end":{"line":30,"column":null}},"line":22}},"branchMap":{"0":{"loc":{"start":{"line":21,"column":2},"end":{"line":21,"column":null}},"type":"default-arg","locations":[{"start":{"line":21,"column":14},"end":{"line":21,"column":null}}],"line":21},"1":{"loc":{"start":{"line":25,"column":4},"end":{"line":28,"column":null}},"type":"binary-expr","locations":[{"start":{"line":25,"column":4},"end":{"line":25,"column":null}},{"start":{"line":26,"column":4},"end":{"line":26,"column":null}},{"start":{"line":27,"column":4},"end":{"line":27,"column":null}},{"start":{"line":28,"column":5},"end":{"line":28,"column":null}}],"line":25},"2":{"loc":{"start":{"line":28,"column":5},"end":{"line":28,"column":null}},"type":"cond-expr","locations":[{"start":{"line":28,"column":17},"end":{"line":28,"column":35}},{"start":{"line":28,"column":35},"end":{"line":28,"column":null}}],"line":28}},"s":{"0":1079},"f":{"0":1079},"b":{"0":[1079],"1":[1079,1077,1077,1075],"2":[1072,3]},"meta":{"lastBranch":3,"lastFunction":1,"lastStatement":1,"seen":{"f:18:16:18:Infinity":0,"b:21:14:21:Infinity":0,"s:24:2:28:Infinity":0,"b:25:4:25:Infinity:26:4:26:Infinity:27:4:27:Infinity:28:5:28:Infinity":1,"b:28:17:28:35:28:35:28:Infinity":2},"fnNames":{}}},"C:\\Users\\jorts\\sequencer\\src\\typescript\\helpers\\index.ts":{"path":"C:\\Users\\jorts\\sequencer\\src\\typescript\\helpers\\index.ts","statementMap":{},"fnMap":{},"branchMap":{},"s":{},"f":{},"b":{},"meta":{"lastBranch":0,"lastFunction":0,"lastStatement":0,"seen":{},"fnNames":{}}},"C:\\Users\\jorts\\sequencer\\src\\typescript\\helpers\\is_strip\\index.ts":{"path":"C:\\Users\\jorts\\sequencer\\src\\typescript\\helpers\\is_strip\\index.ts","statementMap":{"0":{"start":{"line":23,"column":2},"end":{"line":23,"column":null}},"1":{"start":{"line":23,"column":66},"end":{"line":23,"column":null}},"2":{"start":{"line":25,"column":15},"end":{"line":25,"column":null}},"3":{"start":{"line":26,"column":18},"end":{"line":26,"column":null}},"4":{"start":{"line":28,"column":2},"end":{"line":44,"column":null}}},"fnMap":{"0":{"name":"is_strip","decl":{"start":{"line":22,"column":16},"end":{"line":22,"column":28}},"loc":{"start":{"line":22,"column":61},"end":{"line":46,"column":null}},"line":22}},"branchMap":{"0":{"loc":{"start":{"line":23,"column":2},"end":{"line":23,"column":null}},"type":"if","locations":[{"start":{"line":23,"column":2},"end":{"line":23,"column":null}},{"start":{},"end":{}}],"line":23},"1":{"loc":{"start":{"line":23,"column":6},"end":{"line":23,"column":66}},"type":"binary-expr","locations":[{"start":{"line":23,"column":6},"end":{"line":23,"column":30}},{"start":{"line":23,"column":30},"end":{"line":23,"column":49}},{"start":{"line":23,"column":49},"end":{"line":23,"column":66}}],"line":23},"2":{"loc":{"start":{"line":29,"column":4},"end":{"line":44,"column":null}},"type":"binary-expr","locations":[{"start":{"line":29,"column":4},"end":{"line":29,"column":null}},{"start":{"line":30,"column":4},"end":{"line":30,"column":null}},{"start":{"line":31,"column":4},"end":{"line":31,"column":null}},{"start":{"line":32,"column":4},"end":{"line":32,"column":null}},{"start":{"line":33,"column":4},"end":{"line":33,"column":null}},{"start":{"line":34,"column":4},"end":{"line":34,"column":null}},{"start":{"line":35,"column":4},"end":{"line":35,"column":null}},{"start":{"line":36,"column":4},"end":{"line":36,"column":null}},{"start":{"line":37,"column":4},"end":{"line":37,"column":null}},{"start":{"line":38,"column":4},"end":{"line":38,"column":null}},{"start":{"line":39,"column":4},"end":{"line":39,"column":null}},{"start":{"line":40,"column":6},"end":{"line":40,"column":23}},{"start":{"line":40,"column":23},"end":{"line":40,"column":null}},{"start":{"line":41,"column":7},"end":{"line":41,"column":null}},{"start":{"line":42,"column":8},"end":{"line":42,"column":null}},{"start":{"line":43,"column":8},"end":{"line":43,"column":null}},{"start":{"line":44,"column":8},"end":{"line":44,"column":null}}],"line":29}},"s":{"0":1024,"1":0,"2":1024,"3":1024,"4":1024},"f":{"0":1024},"b":{"0":[0,1024],"1":[1024,1024,1024],"2":[1024,1024,1024,1024,1024,1024,1024,1024,1024,1024,1024,1024,0,1024,1024,1024,1024]},"meta":{"lastBranch":3,"lastFunction":1,"lastStatement":5,"seen":{"f:22:16:22:28":0,"b:23:2:23:Infinity:undefined:undefined:undefined:undefined":0,"s:23:2:23:Infinity":0,"b:23:6:23:30:23:30:23:49:23:49:23:66":1,"s:23:66:23:Infinity":1,"s:25:15:25:Infinity":2,"s:26:18:26:Infinity":3,"s:28:2:44:Infinity":4,"b:29:4:29:Infinity:30:4:30:Infinity:31:4:31:Infinity:32:4:32:Infinity:33:4:33:Infinity:34:4:34:Infinity:35:4:35:Infinity:36:4:36:Infinity:37:4:37:Infinity:38:4:38:Infinity:39:4:39:Infinity:40:6:40:23:40:23:40:Infinity:41:7:41:Infinity:42:8:42:Infinity:43:8:43:Infinity:44:8:44:Infinity":2},"fnNames":{}}},"C:\\Users\\jorts\\sequencer\\src\\typescript\\wasm\\index.ts":{"path":"C:\\Users\\jorts\\sequencer\\src\\typescript\\wasm\\index.ts","statementMap":{"0":{"start":{"line":10,"column":20},"end":{"line":10,"column":34}},"1":{"start":{"line":13,"column":40},"end":{"line":13,"column":null}},"2":{"start":{"line":16,"column":41},"end":{"line":16,"column":null}},"3":{"start":{"line":27,"column":17},"end":{"line":27,"column":null}},"4":{"start":{"line":28,"column":16},"end":{"line":28,"column":null}},"5":{"start":{"line":30,"column":2},"end":{"line":41,"column":null}},"6":{"start":{"line":52,"column":17},"end":{"line":52,"column":null}},"7":{"start":{"line":53,"column":16},"end":{"line":53,"column":null}},"8":{"start":{"line":55,"column":2},"end":{"line":55,"column":null}},"9":{"start":{"line":56,"column":2},"end":{"line":56,"column":null}},"10":{"start":{"line":57,"column":2},"end":{"line":57,"column":null}},"11":{"start":{"line":58,"column":2},"end":{"line":58,"column":null}},"12":{"start":{"line":59,"column":2},"end":{"line":59,"column":null}},"13":{"start":{"line":60,"column":2},"end":{"line":60,"column":null}},"14":{"start":{"line":61,"column":2},"end":{"line":61,"column":null}},"15":{"start":{"line":62,"column":2},"end":{"line":62,"column":null}},"16":{"start":{"line":63,"column":2},"end":{"line":63,"column":null}},"17":{"start":{"line":65,"column":30},"end":{"line":65,"column":null}},"18":{"start":{"line":66,"column":2},"end":{"line":68,"column":null}},"19":{"start":{"line":67,"column":4},"end":{"line":67,"column":null}},"20":{"start":{"line":79,"column":2},"end":{"line":79,"column":null}},"21":{"start":{"line":91,"column":2},"end":{"line":91,"column":null}},"22":{"start":{"line":102,"column":2},"end":{"line":102,"column":null}},"23":{"start":{"line":117,"column":2},"end":{"line":118,"column":null}},"24":{"start":{"line":137,"column":4},"end":{"line":137,"column":null}},"25":{"start":{"line":138,"column":2},"end":{"line":138,"column":null}},"26":{"start":{"line":138,"column":24},"end":{"line":138,"column":null}},"27":{"start":{"line":140,"column":21},"end":{"line":140,"column":null}},"28":{"start":{"line":141,"column":2},"end":{"line":141,"column":null}},"29":{"start":{"line":164,"column":4},"end":{"line":168,"column":null}},"30":{"start":{"line":169,"column":2},"end":{"line":169,"column":null}},"31":{"start":{"line":169,"column":24},"end":{"line":169,"column":null}},"32":{"start":{"line":171,"column":21},"end":{"line":171,"column":null}},"33":{"start":{"line":172,"column":2},"end":{"line":172,"column":null}},"34":{"start":{"line":190,"column":2},"end":{"line":194,"column":null}},"35":{"start":{"line":207,"column":2},"end":{"line":207,"column":null}},"36":{"start":{"line":219,"column":2},"end":{"line":219,"column":null}},"37":{"start":{"line":231,"column":2},"end":{"line":231,"column":null}},"38":{"start":{"line":243,"column":2},"end":{"line":243,"column":null}},"39":{"start":{"line":256,"column":2},"end":{"line":256,"column":null}},"40":{"start":{"line":271,"column":4},"end":{"line":271,"column":null}},"41":{"start":{"line":272,"column":2},"end":{"line":272,"column":null}},"42":{"start":{"line":272,"column":28},"end":{"line":272,"column":null}},"43":{"start":{"line":275,"column":17},"end":{"line":275,"column":null}},"44":{"start":{"line":276,"column":21},"end":{"line":276,"column":null}},"45":{"start":{"line":277,"column":19},"end":{"line":277,"column":null}},"46":{"start":{"line":280,"column":2},"end":{"line":287,"column":null}},"47":{"start":{"line":280,"column":25},"end":{"line":280,"column":28}},"48":{"start":{"line":281,"column":4},"end":{"line":285,"column":null}},"49":{"start":{"line":286,"column":4},"end":{"line":286,"column":null}},"50":{"start":{"line":289,"column":2},"end":{"line":289,"column":null}},"51":{"start":{"line":309,"column":2},"end":{"line":309,"column":null}},"52":{"start":{"line":309,"column":29},"end":{"line":309,"column":null}},"53":{"start":{"line":313,"column":4},"end":{"line":313,"column":null}},"54":{"start":{"line":314,"column":17},"end":{"line":314,"column":null}},"55":{"start":{"line":317,"column":2},"end":{"line":322,"column":null}},"56":{"start":{"line":318,"column":4},"end":{"line":318,"column":null}},"57":{"start":{"line":319,"column":4},"end":{"line":319,"column":null}},"58":{"start":{"line":320,"column":4},"end":{"line":320,"column":null}},"59":{"start":{"line":321,"column":4},"end":{"line":321,"column":null}},"60":{"start":{"line":325,"column":21},"end":{"line":325,"column":null}},"61":{"start":{"line":326,"column":2},"end":{"line":326,"column":null}},"62":{"start":{"line":326,"column":24},"end":{"line":326,"column":null}},"63":{"start":{"line":329,"column":21},"end":{"line":329,"column":null}},"64":{"start":{"line":330,"column":2},"end":{"line":330,"column":null}},"65":{"start":{"line":350,"column":4},"end":{"line":350,"column":null}},"66":{"start":{"line":352,"column":2},"end":{"line":354,"column":null}},"67":{"start":{"line":359,"column":21},"end":{"line":359,"column":null}},"68":{"start":{"line":360,"column":2},"end":{"line":360,"column":null}},"69":{"start":{"line":360,"column":24},"end":{"line":360,"column":null}},"70":{"start":{"line":362,"column":21},"end":{"line":362,"column":null}},"71":{"start":{"line":363,"column":2},"end":{"line":363,"column":null}}},"fnMap":{"0":{"name":"read_strip_from_buffer","decl":{"start":{"line":26,"column":16},"end":{"line":26,"column":61}},"loc":{"start":{"line":26,"column":61},"end":{"line":42,"column":null}},"line":26},"1":{"name":"write_strip_to_buffer","decl":{"start":{"line":51,"column":16},"end":{"line":51,"column":41}},"loc":{"start":{"line":51,"column":71},"end":{"line":69,"column":null}},"line":51},"2":{"name":"initialize_sequence","decl":{"start":{"line":77,"column":16},"end":{"line":77,"column":46}},"loc":{"start":{"line":77,"column":46},"end":{"line":80,"column":null}},"line":77},"3":{"name":"clear_sequence","decl":{"start":{"line":89,"column":16},"end":{"line":89,"column":31}},"loc":{"start":{"line":89,"column":58},"end":{"line":92,"column":null}},"line":89},"4":{"name":"get_projection_frame_count","decl":{"start":{"line":100,"column":16},"end":{"line":100,"column":43}},"loc":{"start":{"line":100,"column":72},"end":{"line":103,"column":null}},"line":100},"5":{"name":"get_footage_frame_index","decl":{"start":{"line":112,"column":16},"end":{"line":112,"column":null}},"loc":{"start":{"line":115,"column":10},"end":{"line":120,"column":null}},"line":115},"6":{"name":"get_recovery_footage_spans","decl":{"start":{"line":133,"column":16},"end":{"line":133,"column":null}},"loc":{"start":{"line":135,"column":23},"end":{"line":142,"column":null}},"line":135},"7":{"name":"get_projection_footage_spans","decl":{"start":{"line":158,"column":16},"end":{"line":158,"column":null}},"loc":{"start":{"line":162,"column":23},"end":{"line":173,"column":null}},"line":162},"8":{"name":"write_strip_at_projection_frame_index_to_buffer","decl":{"start":{"line":185,"column":16},"end":{"line":185,"column":null}},"loc":{"start":{"line":188,"column":10},"end":{"line":196,"column":null}},"line":188},"9":{"name":"write_first_pending_strip_to_buffer","decl":{"start":{"line":204,"column":16},"end":{"line":204,"column":null}},"loc":{"start":{"line":206,"column":11},"end":{"line":208,"column":null}},"line":206},"10":{"name":"write_next_pending_strip_to_buffer","decl":{"start":{"line":216,"column":16},"end":{"line":216,"column":null}},"loc":{"start":{"line":218,"column":11},"end":{"line":220,"column":null}},"line":218},"11":{"name":"write_first_structural_strip_to_buffer","decl":{"start":{"line":228,"column":16},"end":{"line":228,"column":null}},"loc":{"start":{"line":230,"column":11},"end":{"line":232,"column":null}},"line":230},"12":{"name":"write_next_structural_strip_to_buffer","decl":{"start":{"line":240,"column":16},"end":{"line":240,"column":null}},"loc":{"start":{"line":242,"column":11},"end":{"line":244,"column":null}},"line":242},"13":{"name":"resolve_initial_projection","decl":{"start":{"line":255,"column":16},"end":{"line":255,"column":43}},"loc":{"start":{"line":255,"column":70},"end":{"line":257,"column":null}},"line":255},"14":{"name":"get_acknowledgement_frontier","decl":{"start":{"line":266,"column":16},"end":{"line":266,"column":null}},"loc":{"start":{"line":268,"column":27},"end":{"line":290,"column":null}},"line":268},"15":{"name":"compact_sequence","decl":{"start":{"line":304,"column":16},"end":{"line":304,"column":null}},"loc":{"start":{"line":307,"column":23},"end":{"line":331,"column":null}},"line":307},"16":{"name":"merge_strip_into_sequence","decl":{"start":{"line":347,"column":16},"end":{"line":347,"column":42}},"loc":{"start":{"line":347,"column":79},"end":{"line":355,"column":null}},"line":347},"17":{"name":"get_pending_footage_spans","decl":{"start":{"line":358,"column":16},"end":{"line":358,"column":65}},"loc":{"start":{"line":358,"column":65},"end":{"line":364,"column":null}},"line":358}},"branchMap":{"0":{"loc":{"start":{"line":66,"column":2},"end":{"line":68,"column":null}},"type":"if","locations":[{"start":{"line":66,"column":2},"end":{"line":68,"column":null}},{"start":{},"end":{}}],"line":66},"1":{"loc":{"start":{"line":138,"column":2},"end":{"line":138,"column":null}},"type":"if","locations":[{"start":{"line":138,"column":2},"end":{"line":138,"column":null}},{"start":{},"end":{}}],"line":138},"2":{"loc":{"start":{"line":169,"column":2},"end":{"line":169,"column":null}},"type":"if","locations":[{"start":{"line":169,"column":2},"end":{"line":169,"column":null}},{"start":{},"end":{}}],"line":169},"3":{"loc":{"start":{"line":272,"column":2},"end":{"line":272,"column":null}},"type":"if","locations":[{"start":{"line":272,"column":2},"end":{"line":272,"column":null}},{"start":{},"end":{}}],"line":272},"4":{"loc":{"start":{"line":309,"column":2},"end":{"line":309,"column":null}},"type":"if","locations":[{"start":{"line":309,"column":2},"end":{"line":309,"column":null}},{"start":{},"end":{}}],"line":309},"5":{"loc":{"start":{"line":326,"column":2},"end":{"line":326,"column":null}},"type":"if","locations":[{"start":{"line":326,"column":2},"end":{"line":326,"column":null}},{"start":{},"end":{}}],"line":326},"6":{"loc":{"start":{"line":352,"column":9},"end":{"line":354,"column":null}},"type":"cond-expr","locations":[{"start":{"line":353,"column":6},"end":{"line":353,"column":null}},{"start":{"line":354,"column":6},"end":{"line":354,"column":null}}],"line":352},"7":{"loc":{"start":{"line":360,"column":2},"end":{"line":360,"column":null}},"type":"if","locations":[{"start":{"line":360,"column":2},"end":{"line":360,"column":null}},{"start":{},"end":{}}],"line":360}},"s":{"0":1,"1":1,"2":1,"3":2055,"4":2055,"5":2055,"6":2063,"7":2063,"8":2063,"9":2063,"10":2063,"11":2063,"12":2063,"13":2063,"14":2063,"15":2063,"16":2063,"17":2063,"18":2063,"19":2058,"20":10,"21":0,"22":1065,"23":2,"24":6,"25":6,"26":1,"27":5,"28":5,"29":9,"30":9,"31":2,"32":7,"33":7,"34":1031,"35":1,"36":0,"37":1,"38":1024,"39":9,"40":0,"41":0,"42":0,"43":0,"44":0,"45":0,"46":0,"47":0,"48":0,"49":0,"50":0,"51":0,"52":0,"53":0,"54":0,"55":0,"56":0,"57":0,"58":0,"59":0,"60":0,"61":0,"62":0,"63":0,"64":0,"65":2063,"66":2063,"67":0,"68":0,"69":0,"70":0,"71":0},"f":{"0":2055,"1":2063,"2":10,"3":0,"4":1065,"5":2,"6":6,"7":9,"8":1031,"9":1,"10":0,"11":1,"12":1024,"13":9,"14":0,"15":0,"16":2063,"17":0},"b":{"0":[2058,5],"1":[1,5],"2":[2,7],"3":[0,0],"4":[0,0],"5":[0,0],"6":[1032,1031],"7":[0,0]},"meta":{"lastBranch":8,"lastFunction":18,"lastStatement":72,"seen":{"s:10:20:10:34":0,"s:13:40:13:Infinity":1,"s:16:41:16:Infinity":2,"f:26:16:26:61":0,"s:27:17:27:Infinity":3,"s:28:16:28:Infinity":4,"s:30:2:41:Infinity":5,"f:51:16:51:41":1,"s:52:17:52:Infinity":6,"s:53:16:53:Infinity":7,"s:55:2:55:Infinity":8,"s:56:2:56:Infinity":9,"s:57:2:57:Infinity":10,"s:58:2:58:Infinity":11,"s:59:2:59:Infinity":12,"s:60:2:60:Infinity":13,"s:61:2:61:Infinity":14,"s:62:2:62:Infinity":15,"s:63:2:63:Infinity":16,"s:65:30:65:Infinity":17,"b:66:2:68:Infinity:undefined:undefined:undefined:undefined":0,"s:66:2:68:Infinity":18,"s:67:4:67:Infinity":19,"f:77:16:77:46":2,"s:79:2:79:Infinity":20,"f:89:16:89:31":3,"s:91:2:91:Infinity":21,"f:100:16:100:43":4,"s:102:2:102:Infinity":22,"f:112:16:112:Infinity":5,"s:117:2:118:Infinity":23,"f:133:16:133:Infinity":6,"s:137:4:137:Infinity":24,"b:138:2:138:Infinity:undefined:undefined:undefined:undefined":1,"s:138:2:138:Infinity":25,"s:138:24:138:Infinity":26,"s:140:21:140:Infinity":27,"s:141:2:141:Infinity":28,"f:158:16:158:Infinity":7,"s:164:4:168:Infinity":29,"b:169:2:169:Infinity:undefined:undefined:undefined:undefined":2,"s:169:2:169:Infinity":30,"s:169:24:169:Infinity":31,"s:171:21:171:Infinity":32,"s:172:2:172:Infinity":33,"f:185:16:185:Infinity":8,"s:190:2:194:Infinity":34,"f:204:16:204:Infinity":9,"s:207:2:207:Infinity":35,"f:216:16:216:Infinity":10,"s:219:2:219:Infinity":36,"f:228:16:228:Infinity":11,"s:231:2:231:Infinity":37,"f:240:16:240:Infinity":12,"s:243:2:243:Infinity":38,"f:255:16:255:43":13,"s:256:2:256:Infinity":39,"f:266:16:266:Infinity":14,"s:271:4:271:Infinity":40,"b:272:2:272:Infinity:undefined:undefined:undefined:undefined":3,"s:272:2:272:Infinity":41,"s:272:28:272:Infinity":42,"s:275:17:275:Infinity":43,"s:276:21:276:Infinity":44,"s:277:19:277:Infinity":45,"s:280:2:287:Infinity":46,"s:280:25:280:28":47,"s:281:4:285:Infinity":48,"s:286:4:286:Infinity":49,"s:289:2:289:Infinity":50,"f:304:16:304:Infinity":15,"b:309:2:309:Infinity:undefined:undefined:undefined:undefined":4,"s:309:2:309:Infinity":51,"s:309:29:309:Infinity":52,"s:313:4:313:Infinity":53,"s:314:17:314:Infinity":54,"s:317:2:322:Infinity":55,"s:318:4:318:Infinity":56,"s:319:4:319:Infinity":57,"s:320:4:320:Infinity":58,"s:321:4:321:Infinity":59,"s:325:21:325:Infinity":60,"b:326:2:326:Infinity:undefined:undefined:undefined:undefined":5,"s:326:2:326:Infinity":61,"s:326:24:326:Infinity":62,"s:329:21:329:Infinity":63,"s:330:2:330:Infinity":64,"f:347:16:347:42":16,"s:350:4:350:Infinity":65,"s:352:2:354:Infinity":66,"b:353:6:353:Infinity:354:6:354:Infinity":6,"f:358:16:358:65":17,"s:359:21:359:Infinity":67,"b:360:2:360:Infinity:undefined:undefined:undefined:undefined":7,"s:360:2:360:Infinity":68,"s:360:24:360:Infinity":69,"s:362:21:362:Infinity":70,"s:363:2:363:Infinity":71},"fnNames":{}}},"C:\\Users\\jorts\\sequencer\\src\\typescript\\index.ts":{"path":"C:\\Users\\jorts\\sequencer\\src\\typescript\\index.ts","statementMap":{},"fnMap":{},"branchMap":{},"s":{},"f":{},"b":{},"meta":{"lastBranch":0,"lastFunction":0,"lastStatement":0,"seen":{},"fnNames":{}}},"C:\\Users\\jorts\\sequencer\\src\\typescript\\helpers\\is_uint32\\index.ts":{"path":"C:\\Users\\jorts\\sequencer\\src\\typescript\\helpers\\is_uint32\\index.ts","statementMap":{"0":{"start":{"line":15,"column":2},"end":{"line":18,"column":null}}},"fnMap":{"0":{"name":"is_uint32","decl":{"start":{"line":14,"column":16},"end":{"line":14,"column":26}},"loc":{"start":{"line":14,"column":59},"end":{"line":20,"column":null}},"line":14}},"branchMap":{"0":{"loc":{"start":{"line":16,"column":4},"end":{"line":18,"column":null}},"type":"binary-expr","locations":[{"start":{"line":16,"column":4},"end":{"line":16,"column":null}},{"start":{"line":17,"column":5},"end":{"line":17,"column":null}},{"start":{"line":18,"column":5},"end":{"line":18,"column":null}}],"line":16}},"s":{"0":10255},"f":{"0":10255},"b":{"0":[10255,10255,10255]},"meta":{"lastBranch":1,"lastFunction":1,"lastStatement":1,"seen":{"f:14:16:14:26":0,"s:15:2:18:Infinity":0,"b:16:4:16:Infinity:17:5:17:Infinity:18:5:18:Infinity":0},"fnNames":{}}},"C:\\Users\\jorts\\sequencer\\src\\typescript\\types\\type.ts":{"path":"C:\\Users\\jorts\\sequencer\\src\\typescript\\types\\type.ts","statementMap":{},"fnMap":{},"branchMap":{},"s":{},"f":{},"b":{},"meta":{"lastBranch":0,"lastFunction":0,"lastStatement":0,"seen":{},"fnNames":{}}}}}